#
# There is insufficient memory for the Java Runtime Environment to continue.
# Native memory allocation (mmap) failed to map 319291392 bytes for committing reserved memory.
# Possible reasons:
#   The system is out of physical RAM or swap space
#   In 32 bit mode, the process size limit was hit
# Possible solutions:
#   Reduce memory load on the system
#   Increase physical memory or swap space
#   Check if swap backing store is full
#   Use 64 bit Java on a 64 bit OS
#   Decrease Java heap size (-Xmx/-Xms)
#   Decrease number of Java threads
#   Decrease Java thread stack sizes (-Xss)
#   Set larger code cache with -XX:ReservedCodeCacheSize=
# This output file may be truncated or incomplete.
#
#  Out of Memory Error (os_linux.cpp:2640), pid=22441, tid=0x00007fc7b9d44700
#
# JRE version: OpenJDK Runtime Environment (8.0_152-b01) (build 1.8.0_152-release-1248-b01)
# Java VM: OpenJDK 64-Bit Server VM (25.152-b01 mixed mode linux-amd64 compressed oops)
# Failed to write core dump. Core dumps have been disabled. To enable core dumping, try "ulimit -c unlimited" before starting Java again
#

---------------  T H R E A D  ---------------

Current thread (0x00007fc7cc143000):  VMThread [stack: 0x00007fc7b9c45000,0x00007fc7b9d45000] [id=22447]

Stack: [0x00007fc7b9c45000,0x00007fc7b9d45000],  sp=0x00007fc7b9d434f0,  free space=1017k
Native frames: (J=compiled Java code, j=interpreted, Vv=VM code, C=native code)
V  [libjvm.so+0xa70d2f]  VMError::report_and_die()+0x2af
V  [libjvm.so+0x4c7207]  report_vm_out_of_memory(char const*, int, unsigned long, VMErrorType, char const*)+0x67
V  [libjvm.so+0x8b5b60]  os::pd_commit_memory(char*, unsigned long, unsigned long, bool)+0x100
V  [libjvm.so+0x8b077f]  os::commit_memory(char*, unsigned long, unsigned long, bool)+0x1f
V  [libjvm.so+0x92e436]  PSVirtualSpace::expand_by(unsigned long)+0x56
V  [libjvm.so+0x91d7db]  PSOldGen::expand_by(unsigned long) [clone .part.28]+0x1b
V  [libjvm.so+0x91d998]  PSOldGen::expand(unsigned long) [clone .part.29]+0xa8
V  [libjvm.so+0x91e541]  PSOldGen::resize(unsigned long)+0xe1
V  [libjvm.so+0x9245f6]  PSParallelCompact::invoke_no_policy(bool) [clone .part.118]+0x9e6
V  [libjvm.so+0x92c3c5]  PSScavenge::invoke()+0x215
V  [libjvm.so+0x8dbd98]  ParallelScavengeHeap::failed_mem_allocate(unsigned long)+0x68
V  [libjvm.so+0xa72863]  VM_ParallelGCFailedAllocation::doit()+0x93
V  [libjvm.so+0xa77896]  VM_Operation::evaluate()+0x46
V  [libjvm.so+0xa750f2]  VMThread::evaluate_operation(VM_Operation*) [clone .constprop.31]+0xa2
V  [libjvm.so+0xa7651b]  VMThread::loop()+0x37b
V  [libjvm.so+0xa768c8]  VMThread::run()+0x78
V  [libjvm.so+0x8b3322]  java_start(Thread*)+0x102

VM_Operation (0x00007fc7d2ab17f0): ParallelGCFailedAllocation, mode: safepoint, requested by thread 0x00007fc7cc00e800


---------------  P R O C E S S  ---------------

Java Threads: ( => current thread )
  0x00007fc7cc23b000 JavaThread "Service Thread" daemon [_thread_blocked, id=22456, stack(0x00007fc7b8e26000,0x00007fc7b8f27000)]
  0x00007fc7cc236000 JavaThread "C1 CompilerThread2" daemon [_thread_blocked, id=22455, stack(0x00007fc7b8f28000,0x00007fc7b9028000)]
  0x00007fc7cc233800 JavaThread "C2 CompilerThread1" daemon [_thread_blocked, id=22454, stack(0x00007fc7b9029000,0x00007fc7b9129000)]
  0x00007fc7cc231800 JavaThread "C2 CompilerThread0" daemon [_thread_blocked, id=22453, stack(0x00007fc7b9341000,0x00007fc7b9441000)]
  0x00007fc7cc230000 JavaThread "Monitor Ctrl-Break" daemon [_thread_in_native, id=22452, stack(0x00007fc7b9441000,0x00007fc7b9542000)]
  0x00007fc7cc182800 JavaThread "Signal Dispatcher" daemon [_thread_blocked, id=22451, stack(0x00007fc7b9663000,0x00007fc7b9764000)]
  0x00007fc7cc14f800 JavaThread "Finalizer" daemon [_thread_blocked, id=22449, stack(0x00007fc7b9a42000,0x00007fc7b9b43000)]
  0x00007fc7cc14b000 JavaThread "Reference Handler" daemon [_thread_blocked, id=22448, stack(0x00007fc7b9b43000,0x00007fc7b9c44000)]
  0x00007fc7cc00e800 JavaThread "main" [_thread_blocked, id=22442, stack(0x00007fc7d29b3000,0x00007fc7d2ab3000)]

Other Threads:
=>0x00007fc7cc143000 VMThread [stack: 0x00007fc7b9c45000,0x00007fc7b9d45000] [id=22447]
  0x00007fc7cc23d800 WatcherThread [stack: 0x00007fc7b8d26000,0x00007fc7b8e26000] [id=22457]

VM state:at safepoint (normal execution)

VM Mutex/Monitor currently owned by a thread:  ([mutex/lock_event])
[0x00007fc7cc00a860] ExpandHeap_lock - owner thread: 0x00007fc7cc143000
[0x00007fc7cc00aee0] Threads_lock - owner thread: 0x00007fc7cc143000
[0x00007fc7cc00b3e0] Heap_lock - owner thread: 0x00007fc7cc00e800

Heap:
 PSYoungGen      total 425472K, used 0K [0x00000000d6d00000, 0x0000000100000000, 0x0000000100000000)
  eden space 200704K, 0% used [0x00000000d6d00000,0x00000000d6d00000,0x00000000e3100000)
  from space 224768K, 0% used [0x00000000e3100000,0x00000000e3100000,0x00000000f0c80000)
  to   space 224768K, 0% used [0x00000000f2480000,0x00000000f2480000,0x0000000100000000)
 ParOldGen       total 715264K, used 700327K [0x0000000084600000, 0x00000000b0080000, 0x00000000d6d00000)
  object space 715264K, 97% used [0x0000000084600000,0x00000000af1e9cc0,0x00000000b0080000)
 Metaspace       used 3337K, capacity 4564K, committed 4864K, reserved 1056768K
  class space    used 354K, capacity 388K, committed 512K, reserved 1048576K

Card table byte_map: [0x00007fc7bc00f000,0x00007fc7bc3ed000] byte_map_base: 0x00007fc7bbbec000

Marking Bits: (ParMarkBitMap*) 0x00007fc7d1e61160
 Begin Bits: [0x00007fc7a8230000, 0x00007fc7aa118000)
 End Bits:   [0x00007fc7aa118000, 0x00007fc7ac000000)

Polling page: 0x00007fc7d2ad0000

CodeCache: size=245760Kb used=1324Kb max_used=1338Kb free=244435Kb
 bounds [0x00007fc7bc7ad000, 0x00007fc7bca1d000, 0x00007fc7cb7ad000]
 total_blobs=336 nmethods=85 adapters=168
 compilation: enabled

Compilation events (10 events):
Event: 0.177 Thread 0x00007fc7cc236000 nmethod 75 0x00007fc7bc8e5b90 code [0x00007fc7bc8e5d00, 0x00007fc7bc8e5e88]
Event: 0.178 Thread 0x00007fc7cc233800   82       4       sun.misc.FloatingDecimal$ASCIIToBinaryBuffer::doubleValue (1194 bytes)
Event: 0.180 Thread 0x00007fc7cc233800 nmethod 82 0x00007fc7bc8e2810 code [0x00007fc7bc8e2960, 0x00007fc7bc8e2af8]
Event: 0.181 Thread 0x00007fc7cc231800 nmethod 81 0x00007fc7bc8e3450 code [0x00007fc7bc8e3600, 0x00007fc7bc8e3d38]
Event: 0.183 Thread 0x00007fc7cc236000   83 %     3       com.example.classroomlibrary.Import::main @ 193 (356 bytes)
Event: 0.184 Thread 0x00007fc7cc236000 nmethod 83% 0x00007fc7bc8ec410 code [0x00007fc7bc8ec9c0, 0x00007fc7bc8f0608]
Event: 0.185 Thread 0x00007fc7cc236000   84       3       com.example.classroomlibrary.Import::main (356 bytes)
Event: 0.189 Thread 0x00007fc7cc236000 nmethod 84 0x00007fc7bc8f2290 code [0x00007fc7bc8f2a60, 0x00007fc7bc8f7718]
Event: 0.194 Thread 0x00007fc7cc233800   85 %     4       com.example.classroomlibrary.Import::main @ 193 (356 bytes)
Event: 0.220 Thread 0x00007fc7cc233800 nmethod 85% 0x00007fc7bc8fd390 code [0x00007fc7bc8fd600, 0x00007fc7bc8fe1b0]

GC Heap History (10 events):
Event: 2.468 GC heap after
Heap after GC invocations=13 (full 3):
 PSYoungGen      total 349696K, used 123639K [0x00000000d6d00000, 0x00000000f8a80000, 0x0000000100000000)
  eden space 156160K, 0% used [0x00000000d6d00000,0x00000000d6d00000,0x00000000e0580000)
  from space 193536K, 63% used [0x00000000ec900000,0x00000000f41bdc60,0x00000000f8600000)
  to   space 199168K, 0% used [0x00000000e0580000,0x00000000e0580000,0x00000000ec800000)
 ParOldGen       total 448000K, used 338657K [0x0000000084600000, 0x000000009fb80000, 0x00000000d6d00000)
  object space 448000K, 75% used [0x0000000084600000,0x00000000990b8728,0x000000009fb80000)
 Metaspace       used 3337K, capacity 4564K, committed 4864K, reserved 1056768K
  class space    used 354K, capacity 388K, committed 512K, reserved 1048576K
}
Event: 2.516 GC heap before
{Heap before GC invocations=14 (full 3):
 PSYoungGen      total 349696K, used 279799K [0x00000000d6d00000, 0x00000000f8a80000, 0x0000000100000000)
  eden space 156160K, 100% used [0x00000000d6d00000,0x00000000e0580000,0x00000000e0580000)
  from space 193536K, 63% used [0x00000000ec900000,0x00000000f41bdc60,0x00000000f8600000)
  to   space 199168K, 0% used [0x00000000e0580000,0x00000000e0580000,0x00000000ec800000)
 ParOldGen       total 448000K, used 338657K [0x0000000084600000, 0x000000009fb80000, 0x00000000d6d00000)
  object space 448000K, 75% used [0x0000000084600000,0x00000000990b8728,0x000000009fb80000)
 Metaspace       used 3337K, capacity 4564K, committed 4864K, reserved 1056768K
  class space    used 354K, capacity 388K, committed 512K, reserved 1048576K
Event: 2.591 GC heap after
Heap after GC invocations=14 (full 3):
 PSYoungGen      total 355328K, used 199159K [0x00000000d6d00000, 0x00000000fe800000, 0x0000000100000000)
  eden space 156160K, 0% used [0x00000000d6d00000,0x00000000d6d00000,0x00000000e0580000)
  from space 199168K, 99% used [0x00000000e0580000,0x00000000ec7fdc60,0x00000000ec800000)
  to   space 224768K, 0% used [0x00000000f0c80000,0x00000000f0c80000,0x00000000fe800000)
 ParOldGen       total 448000K, used 346585K [0x0000000084600000, 0x000000009fb80000, 0x00000000d6d00000)
  object space 448000K, 77% used [0x0000000084600000,0x0000000099876728,0x000000009fb80000)
 Metaspace       used 3337K, capacity 4564K, committed 4864K, reserved 1056768K
  class space    used 354K, capacity 388K, committed 512K, reserved 1048576K
}
Event: 2.637 GC heap before
{Heap before GC invocations=15 (full 3):
 PSYoungGen      total 355328K, used 355319K [0x00000000d6d00000, 0x00000000fe800000, 0x0000000100000000)
  eden space 156160K, 100% used [0x00000000d6d00000,0x00000000e0580000,0x00000000e0580000)
  from space 199168K, 99% used [0x00000000e0580000,0x00000000ec7fdc60,0x00000000ec800000)
  to   space 224768K, 0% used [0x00000000f0c80000,0x00000000f0c80000,0x00000000fe800000)
 ParOldGen       total 448000K, used 346585K [0x0000000084600000, 0x000000009fb80000, 0x00000000d6d00000)
  object space 448000K, 77% used [0x0000000084600000,0x0000000099876728,0x000000009fb80000)
 Metaspace       used 3337K, capacity 4564K, committed 4864K, reserved 1056768K
  class space    used 354K, capacity 388K, committed 512K, reserved 1048576K
Event: 2.836 GC heap after
Heap after GC invocations=15 (full 3):
 PSYoungGen      total 425472K, used 166944K [0x00000000d6d00000, 0x00000000ff000000, 0x0000000100000000)
  eden space 200704K, 0% used [0x00000000d6d00000,0x00000000d6d00000,0x00000000e3100000)
  from space 224768K, 74% used [0x00000000f0c80000,0x00000000faf88000,0x00000000fe800000)
  to   space 224768K, 0% used [0x00000000e3100000,0x00000000e3100000,0x00000000f0c80000)
 ParOldGen       total 463872K, used 462784K [0x0000000084600000, 0x00000000a0b00000, 0x00000000d6d00000)
  object space 463872K, 99% used [0x0000000084600000,0x00000000a09f0388,0x00000000a0b00000)
 Metaspace       used 3337K, capacity 4564K, committed 4864K, reserved 1056768K
  class space    used 354K, capacity 388K, committed 512K, reserved 1048576K
}
Event: 2.836 GC heap before
{Heap before GC invocations=16 (full 4):
 PSYoungGen      total 425472K, used 166944K [0x00000000d6d00000, 0x00000000ff000000, 0x0000000100000000)
  eden space 200704K, 0% used [0x00000000d6d00000,0x00000000d6d00000,0x00000000e3100000)
  from space 224768K, 74% used [0x00000000f0c80000,0x00000000faf88000,0x00000000fe800000)
  to   space 224768K, 0% used [0x00000000e3100000,0x00000000e3100000,0x00000000f0c80000)
 ParOldGen       total 463872K, used 462784K [0x0000000084600000, 0x00000000a0b00000, 0x00000000d6d00000)
  object space 463872K, 99% used [0x0000000084600000,0x00000000a09f0388,0x00000000a0b00000)
 Metaspace       used 3337K, capacity 4564K, committed 4864K, reserved 1056768K
  class space    used 354K, capacity 388K, committed 512K, reserved 1048576K
Event: 4.043 GC heap after
Heap after GC invocations=16 (full 4):
 PSYoungGen      total 425472K, used 140507K [0x00000000d6d00000, 0x00000000ff000000, 0x0000000100000000)
  eden space 200704K, 0% used [0x00000000d6d00000,0x00000000d6d00000,0x00000000e3100000)
  from space 224768K, 62% used [0x00000000f0c80000,0x00000000f95b6fc0,0x00000000fe800000)
  to   space 224768K, 0% used [0x00000000e3100000,0x00000000e3100000,0x00000000f0c80000)
 ParOldGen       total 715264K, used 463594K [0x0000000084600000, 0x00000000b0080000, 0x00000000d6d00000)
  object space 715264K, 64% used [0x0000000084600000,0x00000000a0aba918,0x00000000b0080000)
 Metaspace       used 3337K, capacity 4564K, committed 4864K, reserved 1056768K
  class space    used 354K, capacity 388K, committed 512K, reserved 1048576K
}
Event: 4.094 GC heap before
{Heap before GC invocations=17 (full 4):
 PSYoungGen      total 425472K, used 341211K [0x00000000d6d00000, 0x00000000ff000000, 0x0000000100000000)
  eden space 200704K, 100% used [0x00000000d6d00000,0x00000000e3100000,0x00000000e3100000)
  from space 224768K, 62% used [0x00000000f0c80000,0x00000000f95b6fc0,0x00000000fe800000)
  to   space 224768K, 0% used [0x00000000e3100000,0x00000000e3100000,0x00000000f0c80000)
 ParOldGen       total 715264K, used 463594K [0x0000000084600000, 0x00000000b0080000, 0x00000000d6d00000)
  object space 715264K, 64% used [0x0000000084600000,0x00000000a0aba918,0x00000000b0080000)
 Metaspace       used 3337K, capacity 4564K, committed 4864K, reserved 1056768K
  class space    used 354K, capacity 388K, committed 512K, reserved 1048576K
Event: 4.317 GC heap after
Heap after GC invocations=17 (full 4):
 PSYoungGen      total 425472K, used 132514K [0x00000000d6d00000, 0x0000000100000000, 0x0000000100000000)
  eden space 200704K, 0% used [0x00000000d6d00000,0x00000000d6d00000,0x00000000e3100000)
  from space 224768K, 58% used [0x00000000e3100000,0x00000000eb268a88,0x00000000f0c80000)
  to   space 224768K, 0% used [0x00000000f2480000,0x00000000f2480000,0x0000000100000000)
 ParOldGen       total 715264K, used 605218K [0x0000000084600000, 0x00000000b0080000, 0x00000000d6d00000)
  object space 715264K, 84% used [0x0000000084600000,0x00000000a9508918,0x00000000b0080000)
 Metaspace       used 3337K, capacity 4564K, committed 4864K, reserved 1056768K
  class space    used 354K, capacity 388K, committed 512K, reserved 1048576K
}
Event: 4.317 GC heap before
{Heap before GC invocations=18 (full 5):
 PSYoungGen      total 425472K, used 132514K [0x00000000d6d00000, 0x0000000100000000, 0x0000000100000000)
  eden space 200704K, 0% used [0x00000000d6d00000,0x00000000d6d00000,0x00000000e3100000)
  from space 224768K, 58% used [0x00000000e3100000,0x00000000eb268a88,0x00000000f0c80000)
  to   space 224768K, 0% used [0x00000000f2480000,0x00000000f2480000,0x0000000100000000)
 ParOldGen       total 715264K, used 605218K [0x0000000084600000, 0x00000000b0080000, 0x00000000d6d00000)
  object space 715264K, 84% used [0x0000000084600000,0x00000000a9508918,0x00000000b0080000)
 Metaspace       used 3337K, capacity 4564K, committed 4864K, reserved 1056768K
  class space    used 354K, capacity 388K, committed 512K, reserved 1048576K

Deoptimization events (0 events):
No events

Classes redefined (0 events):
No events

Internal exceptions (2 events):
Event: 0.029 Thread 0x00007fc7cc00e800 Exception <a 'java/lang/NoSuchMethodError': Method sun.misc.Unsafe.defineClass(Ljava/lang/String;[BII)Ljava/lang/Class; name or signature does not match> (0x00000000d6d07ca8) thrown at [/usr/local/google/home/ralucas/source/AOSP-openjdk-git/jdk8u/hotspot/
Event: 0.029 Thread 0x00007fc7cc00e800 Exception <a 'java/lang/NoSuchMethodError': Method sun.misc.Unsafe.prefetchRead(Ljava/lang/Object;J)V name or signature does not match> (0x00000000d6d07f90) thrown at [/usr/local/google/home/ralucas/source/AOSP-openjdk-git/jdk8u/hotspot/src/share/vm/prims

Events (10 events):
Event: 1.399 Executing VM operation: ParallelGCFailedAllocation done
Event: 1.437 Executing VM operation: ParallelGCFailedAllocation
Event: 2.292 Executing VM operation: ParallelGCFailedAllocation done
Event: 2.324 Executing VM operation: ParallelGCFailedAllocation
Event: 2.468 Executing VM operation: ParallelGCFailedAllocation done
Event: 2.516 Executing VM operation: ParallelGCFailedAllocation
Event: 2.591 Executing VM operation: ParallelGCFailedAllocation done
Event: 2.637 Executing VM operation: ParallelGCFailedAllocation
Event: 4.043 Executing VM operation: ParallelGCFailedAllocation done
Event: 4.093 Executing VM operation: ParallelGCFailedAllocation


Dynamic libraries:
84600000-b0080000 rw-p 00000000 00:00 0 
c3100000-d6d00000 ---p 00000000 00:00 0 
d6d00000-100000000 rw-p 00000000 00:00 0 
100000000-100080000 rw-p 00000000 00:00 0 
100080000-140000000 ---p 00000000 00:00 0 
55603395f000-556033960000 r-xp 00000000 08:15 2510873                    /usr/local/android-studio/jre/bin/java
556033b5f000-556033b60000 r--p 00000000 08:15 2510873                    /usr/local/android-studio/jre/bin/java
556033b60000-556033b61000 rw-p 00001000 08:15 2510873                    /usr/local/android-studio/jre/bin/java
556035a4a000-556035a6b000 rw-p 00000000 00:00 0                          [heap]
7fc778000000-7fc778021000 rw-p 00000000 00:00 0 
7fc778021000-7fc77c000000 ---p 00000000 00:00 0 
7fc77c000000-7fc77c021000 rw-p 00000000 00:00 0 
7fc77c021000-7fc780000000 ---p 00000000 00:00 0 
7fc780000000-7fc780102000 rw-p 00000000 00:00 0 
7fc780102000-7fc784000000 ---p 00000000 00:00 0 
7fc784000000-7fc7840e0000 rw-p 00000000 00:00 0 
7fc7840e0000-7fc788000000 ---p 00000000 00:00 0 
7fc788000000-7fc7881aa000 rw-p 00000000 00:00 0 
7fc7881aa000-7fc78c000000 ---p 00000000 00:00 0 
7fc78cfff000-7fc790000000 rw-p 00000000 00:00 0 
7fc790000000-7fc790021000 rw-p 00000000 00:00 0 
7fc790021000-7fc794000000 ---p 00000000 00:00 0 
7fc794000000-7fc794021000 rw-p 00000000 00:00 0 
7fc794021000-7fc798000000 ---p 00000000 00:00 0 
7fc798000000-7fc798021000 rw-p 00000000 00:00 0 
7fc798021000-7fc79c000000 ---p 00000000 00:00 0 
7fc79c000000-7fc79c021000 rw-p 00000000 00:00 0 
7fc79c021000-7fc7a0000000 ---p 00000000 00:00 0 
7fc7a0000000-7fc7a0021000 rw-p 00000000 00:00 0 
7fc7a0021000-7fc7a4000000 ---p 00000000 00:00 0 
7fc7a4000000-7fc7a45c4000 rw-p 00000000 00:00 0 
7fc7a45c4000-7fc7a8000000 ---p 00000000 00:00 0 
7fc7a8230000-7fc7ac000000 rw-p 00000000 00:00 0 
7fc7ac000000-7fc7ad092000 rw-p 00000000 00:00 0 
7fc7ad092000-7fc7b0000000 ---p 00000000 00:00 0 
7fc7b0000000-7fc7b0cb0000 rw-p 00000000 00:00 0 
7fc7b0cb0000-7fc7b4000000 ---p 00000000 00:00 0 
7fc7b4000000-7fc7b4420000 rw-p 00000000 00:00 0 
7fc7b4420000-7fc7b8000000 ---p 00000000 00:00 0 
7fc7b8aaf000-7fc7b8d25000 rw-p 00000000 00:00 0 
7fc7b8d25000-7fc7b8d26000 ---p 00000000 00:00 0 
7fc7b8d26000-7fc7b8e26000 rw-p 00000000 00:00 0 
7fc7b8e26000-7fc7b8e29000 ---p 00000000 00:00 0 
7fc7b8e29000-7fc7b8f27000 rw-p 00000000 00:00 0 
7fc7b8f27000-7fc7b8f28000 ---p 00000000 00:00 0 
7fc7b8f28000-7fc7b8f2b000 ---p 00000000 00:00 0 
7fc7b8f2b000-7fc7b9028000 rw-p 00000000 00:00 0 
7fc7b9028000-7fc7b9029000 ---p 00000000 00:00 0 
7fc7b9029000-7fc7b902c000 ---p 00000000 00:00 0 
7fc7b902c000-7fc7b9129000 rw-p 00000000 00:00 0 
7fc7b9129000-7fc7b913f000 r-xp 00000000 08:15 2510611                    /usr/local/android-studio/jre/jre/lib/amd64/libnet.so
7fc7b913f000-7fc7b933e000 ---p 00016000 08:15 2510611                    /usr/local/android-studio/jre/jre/lib/amd64/libnet.so
7fc7b933e000-7fc7b933f000 r--p 00015000 08:15 2510611                    /usr/local/android-studio/jre/jre/lib/amd64/libnet.so
7fc7b933f000-7fc7b9340000 rw-p 00016000 08:15 2510611                    /usr/local/android-studio/jre/jre/lib/amd64/libnet.so
7fc7b9340000-7fc7b9341000 ---p 00000000 00:00 0 
7fc7b9341000-7fc7b9344000 ---p 00000000 00:00 0 
7fc7b9344000-7fc7b9441000 rw-p 00000000 00:00 0 
7fc7b9441000-7fc7b9444000 ---p 00000000 00:00 0 
7fc7b9444000-7fc7b9542000 rw-p 00000000 00:00 0 
7fc7b9542000-7fc7b9663000 r--s 02b7d000 00:33 2380330                    /home/caleb/Android/Sdk/platforms/android-28/android.jar
7fc7b9663000-7fc7b9666000 ---p 00000000 00:00 0 
7fc7b9666000-7fc7b9764000 rw-p 00000000 00:00 0 
7fc7b9764000-7fc7b9a42000 r--p 00000000 08:15 2497175                    /usr/lib/locale/locale-archive
7fc7b9a42000-7fc7b9a45000 ---p 00000000 00:00 0 
7fc7b9a45000-7fc7b9b43000 rw-p 00000000 00:00 0 
7fc7b9b43000-7fc7b9b46000 ---p 00000000 00:00 0 
7fc7b9b46000-7fc7b9c44000 rw-p 00000000 00:00 0 
7fc7b9c44000-7fc7b9c45000 ---p 00000000 00:00 0 
7fc7b9c45000-7fc7bac54000 rw-p 00000000 00:00 0 
7fc7bac54000-7fc7bae25000 r--s 03c88000 08:15 2510565                    /usr/local/android-studio/jre/jre/lib/rt.jar
7fc7bae25000-7fc7bb2db000 rw-p 00000000 00:00 0 
7fc7bb2db000-7fc7bb69b000 ---p 00000000 00:00 0 
7fc7bb69b000-7fc7bba78000 rw-p 00000000 00:00 0 
7fc7bba78000-7fc7bba79000 ---p 00000000 00:00 0 
7fc7bba79000-7fc7bbb79000 rw-p 00000000 00:00 0 
7fc7bbb79000-7fc7bbb7a000 ---p 00000000 00:00 0 
7fc7bbb7a000-7fc7bbc7a000 rw-p 00000000 00:00 0 
7fc7bbc7a000-7fc7bbc7b000 ---p 00000000 00:00 0 
7fc7bbc7b000-7fc7bbed9000 rw-p 00000000 00:00 0 
7fc7bbed9000-7fc7bc00f000 ---p 00000000 00:00 0 
7fc7bc00f000-7fc7bc16d000 rw-p 00000000 00:00 0 
7fc7bc16d000-7fc7bc2a2000 ---p 00000000 00:00 0 
7fc7bc2a2000-7fc7bc3ec000 rw-p 00000000 00:00 0 
7fc7bc3ec000-7fc7bc3f7000 rw-p 00000000 00:00 0 
7fc7bc3f7000-7fc7bc7ad000 ---p 00000000 00:00 0 
7fc7bc7ad000-7fc7bca1d000 rwxp 00000000 00:00 0 
7fc7bca1d000-7fc7cb7ad000 ---p 00000000 00:00 0 
7fc7cb7ad000-7fc7cb7c7000 r-xp 00000000 08:15 2510610                    /usr/local/android-studio/jre/jre/lib/amd64/libzip.so
7fc7cb7c7000-7fc7cb9c6000 ---p 0001a000 08:15 2510610                    /usr/local/android-studio/jre/jre/lib/amd64/libzip.so
7fc7cb9c6000-7fc7cb9c7000 r--p 00019000 08:15 2510610                    /usr/local/android-studio/jre/jre/lib/amd64/libzip.so
7fc7cb9c7000-7fc7cb9c8000 rw-p 0001a000 08:15 2510610                    /usr/local/android-studio/jre/jre/lib/amd64/libzip.so
7fc7cb9c8000-7fc7cb9d3000 r-xp 00000000 08:15 529752                     /lib/x86_64-linux-gnu/libnss_files-2.27.so
7fc7cb9d3000-7fc7cbbd2000 ---p 0000b000 08:15 529752                     /lib/x86_64-linux-gnu/libnss_files-2.27.so
7fc7cbbd2000-7fc7cbbd3000 r--p 0000a000 08:15 529752                     /lib/x86_64-linux-gnu/libnss_files-2.27.so
7fc7cbbd3000-7fc7cbbd4000 rw-p 0000b000 08:15 529752                     /lib/x86_64-linux-gnu/libnss_files-2.27.so
7fc7cbbd4000-7fc7cbbda000 rw-p 00000000 00:00 0 
7fc7cbbda000-7fc7cbbf1000 r-xp 00000000 08:15 529746                     /lib/x86_64-linux-gnu/libnsl-2.27.so
7fc7cbbf1000-7fc7cbdf0000 ---p 00017000 08:15 529746                     /lib/x86_64-linux-gnu/libnsl-2.27.so
7fc7cbdf0000-7fc7cbdf1000 r--p 00016000 08:15 529746                     /lib/x86_64-linux-gnu/libnsl-2.27.so
7fc7cbdf1000-7fc7cbdf2000 rw-p 00017000 08:15 529746                     /lib/x86_64-linux-gnu/libnsl-2.27.so
7fc7cbdf2000-7fc7cbdf4000 rw-p 00000000 00:00 0 
7fc7cbdf4000-7fc7cbdff000 r-xp 00000000 08:15 529763                     /lib/x86_64-linux-gnu/libnss_nis-2.27.so
7fc7cbdff000-7fc7cbffe000 ---p 0000b000 08:15 529763                     /lib/x86_64-linux-gnu/libnss_nis-2.27.so
7fc7cbffe000-7fc7cbfff000 r--p 0000a000 08:15 529763                     /lib/x86_64-linux-gnu/libnss_nis-2.27.so
7fc7cbfff000-7fc7cc000000 rw-p 0000b000 08:15 529763                     /lib/x86_64-linux-gnu/libnss_nis-2.27.so
7fc7cc000000-7fc7cc246000 rw-p 00000000 00:00 0 
7fc7cc246000-7fc7d0000000 ---p 00000000 00:00 0 
7fc7d0001000-7fc7d0003000 r--s 0001a000 08:15 2523189                    /usr/local/android-studio/lib/idea_rt.jar
7fc7d0003000-7fc7d0005000 r--s 0001c000 00:33 4343598                    /home/caleb/.gradle/caches/modules-2/files-2.1/com.android.support.constraint/constraint-layout-solver/1.1.3/bde0667d7414c16ed62d3cfe993cff7f9d732373/constraint-layout-solver-1.1.3.jar
7fc7d0005000-7fc7d0007000 r--s 00007000 00:33 4342918                    /home/caleb/.gradle/caches/transforms-1/files-1.1/swiperefreshlayout-28.0.0.aar/f6617bedfaf057390eefa5828b9cc39a/jars/classes.jar
7fc7d0007000-7fc7d0009000 r--s 00007000 00:33 4342885                    /home/caleb/.gradle/caches/transforms-1/files-1.1/customview-28.0.0.aar/2b8ebf8e9413b75dfc080882848dacf7/jars/classes.jar
7fc7d0009000-7fc7d000b000 r--s 00009000 00:33 3692644                    /home/caleb/.gradle/caches/transforms-1/files-1.1/coordinatorlayout-28.0.0.aar/2f878b95a50d65a65c2e824535e6090d/jars/classes.jar
7fc7d000b000-7fc7d000c000 r--s 00007000 00:33 3967791                    /home/caleb/.gradle/caches/transforms-1/files-1.1/drawerlayout-28.0.0.aar/cba18958e9b2a5a4804265747205c940/jars/classes.jar
7fc7d000c000-7fc7d000d000 r--s 00002000 00:33 1599671                    /home/caleb/.gradle/caches/transforms-1/files-1.1/livedata-1.1.1.aar/6e9314bdd2eef5e005c701d745a47d04/jars/classes.jar
7fc7d000d000-7fc7d000e000 r--s 00001000 00:33 1599695                    /home/caleb/.gradle/caches/transforms-1/files-1.1/interpolator-28.0.0.aar/bb29f533cd310b926cbe43c66cc00d6b/jars/classes.jar
7fc7d000e000-7fc7d0010000 r--s 00004000 00:33 4342860                    /home/caleb/.gradle/caches/modules-2/files-2.1/android.arch.lifecycle/common/1.1.1/207a6efae6a3555e326de41f76bdadd9a239cbce/common-1.1.1.jar
7fc7d0010000-7fc7d0012000 r--s 00005000 00:33 4342870                    /home/caleb/.gradle/caches/modules-2/files-2.1/com.android.support/support-annotations/28.0.0/ed73f5337a002d1fd24339d5fb08c2c9d9ca60d8/support-annotations-28.0.0.jar
7fc7d0012000-7fc7d0014000 r--s 00007000 00:33 3429102                    /home/caleb/.gradle/caches/transforms-1/files-1.1/support-vector-drawable-28.0.0.aar/c25238e94b7583e9bf024e2c88fd7853/jars/classes.jar
7fc7d0014000-7fc7d0015000 r--s 00000000 00:33 3293094                    /home/caleb/.gradle/caches/transforms-1/files-1.1/support-core-utils-28.0.0.aar/5b1a6b8a54caa12b21584dc93a660629/jars/classes.jar
7fc7d0015000-7fc7d0017000 r--s 0000c000 00:33 3967789                    /home/caleb/.gradle/caches/transforms-1/files-1.1/viewpager-28.0.0.aar/429aa637acc383d9e53365e67aeeff0c/jars/classes.jar
7fc7d0017000-7fc7d0018000 r--s 00006000 00:33 1599596                    /home/caleb/.gradle/caches/transforms-1/files-1.1/versionedparcelable-28.0.0.aar/d9344b879e68848effcbf8ce4778665a/jars/classes.jar
7fc7d0018000-7fc7d0019000 r--s 00002000 00:33 4342866                    /home/caleb/.gradle/caches/modules-2/files-2.1/android.arch.core/common/1.1.1/e55b70d1f5620db124b3e85a7f4bdc7bd48d9f95/common-1.1.1.jar
7fc7d0019000-7fc7d001b000 r--s 0000e000 00:33 3293069                    /home/caleb/.gradle/caches/transforms-1/files-1.1/constraint-layout-1.1.3.aar/2c7f63d38fbbedf62bc0f559a6d95ff1/jars/classes.jar
7fc7d001b000-7fc7d0027000 r--s 0008e000 00:33 4342910                    /home/caleb/.gradle/caches/transforms-1/files-1.1/support-compat-28.0.0.aar/feb0734162f9dac7aae18546a6357a42/jars/classes.jar
7fc7d0027000-7fc7d0028000 ---p 00000000 00:00 0 
7fc7d0028000-7fc7d0128000 rw-p 00000000 00:00 0 
7fc7d0128000-7fc7d0130000 r-xp 00000000 08:15 529748                     /lib/x86_64-linux-gnu/libnss_compat-2.27.so
7fc7d0130000-7fc7d0330000 ---p 00008000 08:15 529748                     /lib/x86_64-linux-gnu/libnss_compat-2.27.so
7fc7d0330000-7fc7d0331000 r--p 00008000 08:15 529748                     /lib/x86_64-linux-gnu/libnss_compat-2.27.so
7fc7d0331000-7fc7d0332000 rw-p 00009000 08:15 529748                     /lib/x86_64-linux-gnu/libnss_compat-2.27.so
7fc7d0332000-7fc7d033c000 r-xp 00000000 08:15 2510604                    /usr/local/android-studio/jre/jre/lib/amd64/libinstrument.so
7fc7d033c000-7fc7d053b000 ---p 0000a000 08:15 2510604                    /usr/local/android-studio/jre/jre/lib/amd64/libinstrument.so
7fc7d053b000-7fc7d053c000 r--p 00009000 08:15 2510604                    /usr/local/android-studio/jre/jre/lib/amd64/libinstrument.so
7fc7d053c000-7fc7d053d000 rw-p 0000a000 08:15 2510604                    /usr/local/android-studio/jre/jre/lib/amd64/libinstrument.so
7fc7d053d000-7fc7d056a000 r-xp 00000000 08:15 2510609                    /usr/local/android-studio/jre/jre/lib/amd64/libjava.so
7fc7d056a000-7fc7d0769000 ---p 0002d000 08:15 2510609                    /usr/local/android-studio/jre/jre/lib/amd64/libjava.so
7fc7d0769000-7fc7d076a000 r--p 0002c000 08:15 2510609                    /usr/local/android-studio/jre/jre/lib/amd64/libjava.so
7fc7d076a000-7fc7d076c000 rw-p 0002d000 08:15 2510609                    /usr/local/android-studio/jre/jre/lib/amd64/libjava.so
7fc7d076c000-7fc7d077d000 r-xp 00000000 08:15 2510584                    /usr/local/android-studio/jre/jre/lib/amd64/libverify.so
7fc7d077d000-7fc7d097c000 ---p 00011000 08:15 2510584                    /usr/local/android-studio/jre/jre/lib/amd64/libverify.so
7fc7d097c000-7fc7d097e000 r--p 00010000 08:15 2510584                    /usr/local/android-studio/jre/jre/lib/amd64/libverify.so
7fc7d097e000-7fc7d097f000 rw-p 00012000 08:15 2510584                    /usr/local/android-studio/jre/jre/lib/amd64/libverify.so
7fc7d097f000-7fc7d0986000 r-xp 00000000 08:15 529803                     /lib/x86_64-linux-gnu/librt-2.27.so
7fc7d0986000-7fc7d0b85000 ---p 00007000 08:15 529803                     /lib/x86_64-linux-gnu/librt-2.27.so
7fc7d0b85000-7fc7d0b86000 r--p 00006000 08:15 529803                     /lib/x86_64-linux-gnu/librt-2.27.so
7fc7d0b86000-7fc7d0b87000 rw-p 00007000 08:15 529803                     /lib/x86_64-linux-gnu/librt-2.27.so
7fc7d0b87000-7fc7d0d24000 r-xp 00000000 08:15 529725                     /lib/x86_64-linux-gnu/libm-2.27.so
7fc7d0d24000-7fc7d0f23000 ---p 0019d000 08:15 529725                     /lib/x86_64-linux-gnu/libm-2.27.so
7fc7d0f23000-7fc7d0f24000 r--p 0019c000 08:15 529725                     /lib/x86_64-linux-gnu/libm-2.27.so
7fc7d0f24000-7fc7d0f25000 rw-p 0019d000 08:15 529725                     /lib/x86_64-linux-gnu/libm-2.27.so
7fc7d0f25000-7fc7d1b91000 r-xp 00000000 08:15 2510577                    /usr/local/android-studio/jre/jre/lib/amd64/server/libjvm.so
7fc7d1b91000-7fc7d1d91000 ---p 00c6c000 08:15 2510577                    /usr/local/android-studio/jre/jre/lib/amd64/server/libjvm.so
7fc7d1d91000-7fc7d1e25000 r--p 00c6c000 08:15 2510577                    /usr/local/android-studio/jre/jre/lib/amd64/server/libjvm.so
7fc7d1e25000-7fc7d1e4d000 rw-p 00d00000 08:15 2510577                    /usr/local/android-studio/jre/jre/lib/amd64/server/libjvm.so
7fc7d1e4d000-7fc7d1e7e000 rw-p 00000000 00:00 0 
7fc7d1e7e000-7fc7d2065000 r-xp 00000000 08:15 529662                     /lib/x86_64-linux-gnu/libc-2.27.so
7fc7d2065000-7fc7d2265000 ---p 001e7000 08:15 529662                     /lib/x86_64-linux-gnu/libc-2.27.so
7fc7d2265000-7fc7d2269000 r--p 001e7000 08:15 529662                     /lib/x86_64-linux-gnu/libc-2.27.so
7fc7d2269000-7fc7d226b000 rw-p 001eb000 08:15 529662                     /lib/x86_64-linux-gnu/libc-2.27.so
7fc7d226b000-7fc7d226f000 rw-p 00000000 00:00 0 
7fc7d226f000-7fc7d2272000 r-xp 00000000 08:15 529685                     /lib/x86_64-linux-gnu/libdl-2.27.so
7fc7d2272000-7fc7d2471000 ---p 00003000 08:15 529685                     /lib/x86_64-linux-gnu/libdl-2.27.so
7fc7d2471000-7fc7d2472000 r--p 00002000 08:15 529685                     /lib/x86_64-linux-gnu/libdl-2.27.so
7fc7d2472000-7fc7d2473000 rw-p 00003000 08:15 529685                     /lib/x86_64-linux-gnu/libdl-2.27.so
7fc7d2473000-7fc7d2489000 r-xp 00000000 08:15 2510687                    /usr/local/android-studio/jre/lib/amd64/jli/libjli.so
7fc7d2489000-7fc7d2689000 ---p 00016000 08:15 2510687                    /usr/local/android-studio/jre/lib/amd64/jli/libjli.so
7fc7d2689000-7fc7d268a000 r--p 00016000 08:15 2510687                    /usr/local/android-studio/jre/lib/amd64/jli/libjli.so
7fc7d268a000-7fc7d268b000 rw-p 00017000 08:15 2510687                    /usr/local/android-studio/jre/lib/amd64/jli/libjli.so
7fc7d268b000-7fc7d26a5000 r-xp 00000000 08:15 529795                     /lib/x86_64-linux-gnu/libpthread-2.27.so
7fc7d26a5000-7fc7d28a4000 ---p 0001a000 08:15 529795                     /lib/x86_64-linux-gnu/libpthread-2.27.so
7fc7d28a4000-7fc7d28a5000 r--p 00019000 08:15 529795                     /lib/x86_64-linux-gnu/libpthread-2.27.so
7fc7d28a5000-7fc7d28a6000 rw-p 0001a000 08:15 529795                     /lib/x86_64-linux-gnu/libpthread-2.27.so
7fc7d28a6000-7fc7d28aa000 rw-p 00000000 00:00 0 
7fc7d28aa000-7fc7d28d1000 r-xp 00000000 08:15 529634                     /lib/x86_64-linux-gnu/ld-2.27.so
7fc7d28d1000-7fc7d28d2000 r--s 00003000 00:33 1599642                    /home/caleb/.gradle/caches/transforms-1/files-1.1/print-28.0.0.aar/d3b68823f9ba2051ba80b8c934ac433a/jars/classes.jar
7fc7d28d2000-7fc7d28d3000 r--s 00001000 00:33 4342908                    /home/caleb/.gradle/caches/transforms-1/files-1.1/asynclayoutinflater-28.0.0.aar/ac77d1ed3bb99e03caf3d9d52e2d33b6/jars/classes.jar
7fc7d28d3000-7fc7d28d4000 r--s 00002000 00:33 3293080                    /home/caleb/.gradle/caches/transforms-1/files-1.1/support-core-ui-28.0.0.aar/0648fad4c49e7f8c7ad8843d26be060b/jars/classes.jar
7fc7d28d4000-7fc7d28d5000 r--s 00002000 00:33 1599606                    /home/caleb/.gradle/caches/transforms-1/files-1.1/runtime-1.1.1.aar/a9767a0550f198e83370895377ef13f3/jars/classes.jar
7fc7d28d5000-7fc7d28d7000 r--s 00009000 00:33 4342844                    /home/caleb/.gradle/caches/modules-2/files-2.1/com.android.support/collections/28.0.0/c1bcdade4d3cc2836130424a3f3e4182c666a745/collections-28.0.0.jar
7fc7d28d7000-7fc7d28e2000 r--s 000a6000 00:33 1599698                    /home/caleb/.gradle/caches/transforms-1/files-1.1/appcompat-v7-28.0.0.aar/fb39bd2e58178b3946d3c2b2271deae7/jars/classes.jar
7fc7d28e2000-7fc7d29b2000 rw-p 00000000 00:00 0 
7fc7d29b2000-7fc7d29b3000 ---p 00000000 00:00 0 
7fc7d29b3000-7fc7d29b6000 ---p 00000000 00:00 0 
7fc7d29b6000-7fc7d2ab7000 rw-p 00000000 00:00 0 
7fc7d2ab7000-7fc7d2ab8000 r--s 00002000 00:33 1599600                    /home/caleb/.gradle/caches/transforms-1/files-1.1/cursoradapter-28.0.0.aar/89d6cb944154c8270e33179fc9784624/jars/classes.jar
7fc7d2ab8000-7fc7d2aba000 r--s 00001000 00:33 1599672                    /home/caleb/.gradle/caches/transforms-1/files-1.1/livedata-core-1.1.1.aar/352629bbc9b6101f02b44672a0528777/jars/classes.jar
7fc7d2aba000-7fc7d2abc000 r--s 00000000 00:33 1599674                    /home/caleb/.gradle/caches/transforms-1/files-1.1/runtime-1.1.1.aar/d2117b332e72a2b1139041ef0974ef30/jars/classes.jar
7fc7d2abc000-7fc7d2abe000 r--s 00007000 00:33 3560891                    /home/caleb/.gradle/caches/transforms-1/files-1.1/loader-28.0.0.aar/895a39b7b118bf7ce2b47e5a90e16c7f/jars/classes.jar
7fc7d2abe000-7fc7d2abf000 r--s 00001000 00:33 1599645                    /home/caleb/.gradle/caches/transforms-1/files-1.1/viewmodel-1.1.1.aar/673ca93de3f29695e5dc32ac50220681/jars/classes.jar
7fc7d2abf000-7fc7d2ac0000 r--s 00005000 00:33 4342882                    /home/caleb/.gradle/caches/transforms-1/files-1.1/slidingpanelayout-28.0.0.aar/6e371dc650c5d71fee3727bdf161b09c/jars/classes.jar
7fc7d2ac0000-7fc7d2ac2000 r--s 00007000 00:33 3293082                    /home/caleb/.gradle/caches/transforms-1/files-1.1/animated-vector-drawable-28.0.0.aar/2d9c23188f108fad2b2950eda901a17f/jars/classes.jar
7fc7d2ac2000-7fc7d2ac3000 r--s 00002000 00:33 1599617                    /home/caleb/.gradle/caches/transforms-1/files-1.1/documentfile-28.0.0.aar/7829d3f0074a488b0c8171f5b9d94386/jars/classes.jar
7fc7d2ac3000-7fc7d2ac4000 r--s 00001000 00:33 1599649                    /home/caleb/.gradle/caches/transforms-1/files-1.1/localbroadcastmanager-28.0.0.aar/0e0b7c4a47b16a1636a13a19230eec43/jars/classes.jar
7fc7d2ac4000-7fc7d2ac7000 r--s 00026000 00:33 3429105                    /home/caleb/.gradle/caches/transforms-1/files-1.1/support-fragment-28.0.0.aar/b82dd205e835e5d9d3ce8ee84caa458c/jars/classes.jar
7fc7d2ac7000-7fc7d2acf000 rw-s 00000000 08:15 3957649                    /tmp/hsperfdata_caleb/22441
7fc7d2acf000-7fc7d2ad0000 rw-p 00000000 00:00 0 
7fc7d2ad0000-7fc7d2ad1000 ---p 00000000 00:00 0 
7fc7d2ad1000-7fc7d2ad2000 r--p 00027000 08:15 529634                     /lib/x86_64-linux-gnu/ld-2.27.so
7fc7d2ad2000-7fc7d2ad3000 rw-p 00028000 08:15 529634                     /lib/x86_64-linux-gnu/ld-2.27.so
7fc7d2ad3000-7fc7d2ad4000 rw-p 00000000 00:00 0 
7ffc096c9000-7ffc096eb000 rw-p 00000000 00:00 0                          [stack]
7ffc097df000-7ffc097e2000 r--p 00000000 00:00 0                          [vvar]
7ffc097e2000-7ffc097e4000 r-xp 00000000 00:00 0                          [vdso]
ffffffffff600000-ffffffffff601000 r-xp 00000000 00:00 0                  [vsyscall]

VM Arguments:
jvm_args: -javaagent:/usr/local/android-studio/lib/idea_rt.jar=40809:/usr/local/android-studio/bin -Dfile.encoding=UTF-8 
java_command: com.example.classroomlibrary.Import
java_class_path (initial): /home/caleb/Android/Sdk/platforms/android-28/android.jar:/home/caleb/Android/Sdk/platforms/android-28/data/res:/home/caleb/Documents/Personal Projects/ClassroomLibrary/app/build/intermediates/javac/debug/compileDebugJavaWithJavac/classes:/home/caleb/Documents/Personal Projects/ClassroomLibrary/app/build/generated/res/rs/debug:/home/caleb/Documents/Personal Projects/ClassroomLibrary/app/build/generated/res/resValues/debug:/home/caleb/.gradle/caches/transforms-1/files-1.1/support-fragment-28.0.0.aar/b82dd205e835e5d9d3ce8ee84caa458c/jars/classes.jar:/home/caleb/.gradle/caches/transforms-1/files-1.1/localbroadcastmanager-28.0.0.aar/0e0b7c4a47b16a1636a13a19230eec43/jars/classes.jar:/home/caleb/.gradle/caches/transforms-1/files-1.1/documentfile-28.0.0.aar/7829d3f0074a488b0c8171f5b9d94386/jars/classes.jar:/home/caleb/.gradle/caches/transforms-1/files-1.1/animated-vector-drawable-28.0.0.aar/2d9c23188f108fad2b2950eda901a17f/jars/classes.jar:/home/caleb/.gradle/caches/transforms-1/files-1.1/slidingpanelayout-28.0.0.aar/6e371dc650c5d71fee3727bdf161b09c/jars/classes.jar:/home/caleb/.gradle/caches/transforms-1/files-1.1/viewmodel-1.1.1.aar/673ca93de3f29695e5dc32ac50220681/jars/classes.jar:/home/caleb/.gradle/caches/transforms-1/files-1.1/appcompat-v7-28.0.0.aar/fb39bd2e58178b3946d3c2b2271deae7/res:/home/caleb/.gradle/caches/transforms-1/files-1.1/appcompat-v7-28.0.0.aar/fb39bd2e58178b3946d3c2b2271deae7/jars/classes.jar:/home/caleb/.gradle/caches/transforms-1/files-1.1/loader-28.0.0.aar/895a39b7b118bf7ce2b47e5a90e16c7f/jars/classes.jar:/home/caleb/.gradle/caches/transforms-1/files-1.1/runtime-1.1.1.aar/d2117b332e72a2b1139041ef0974ef30/jars/classes.jar:/home/caleb/.gradle/caches/transforms-1/files-1.1/livedata-core-1.1.1.aar/352629bbc9b6101f02b44672a0528777/jars/classes.jar:/home/caleb/.gradle/caches/modules-2/files-2.1/com.android.support/collections/28.0.0/c1bcdade4d3cc2836130424a3f3e4182c666a745/collections-28.0.0.jar:/home/caleb/.gradle/caches/tran
Launcher Type: SUN_STANDARD

Environment Variables:
PATH=/usr/local/sbin:/usr/local/bin:/usr/sbin:/usr/bin:/sbin:/bin:/usr/games:/usr/local/games
SHELL=/bin/bash
DISPLAY=:0.0

Signal Handlers:
SIGSEGV: [libjvm.so+0xa71660], sa_mask[0]=11111111011111111101111111111110, sa_flags=SA_RESTART|SA_SIGINFO
SIGBUS: [libjvm.so+0xa71660], sa_mask[0]=11111111011111111101111111111110, sa_flags=SA_RESTART|SA_SIGINFO
SIGFPE: [libjvm.so+0x8b1770], sa_mask[0]=11111111011111111101111111111110, sa_flags=SA_RESTART|SA_SIGINFO
SIGPIPE: [libjvm.so+0x8b1770], sa_mask[0]=11111111011111111101111111111110, sa_flags=SA_RESTART|SA_SIGINFO
SIGXFSZ: [libjvm.so+0x8b1770], sa_mask[0]=11111111011111111101111111111110, sa_flags=SA_RESTART|SA_SIGINFO
SIGILL: [libjvm.so+0x8b1770], sa_mask[0]=11111111011111111101111111111110, sa_flags=SA_RESTART|SA_SIGINFO
SIGUSR1: SIG_DFL, sa_mask[0]=00000000000000000000000000000000, sa_flags=none
SIGUSR2: [libjvm.so+0x8b1640], sa_mask[0]=00100000000000000000000000000000, sa_flags=SA_RESTART|SA_SIGINFO
SIGHUP: [libjvm.so+0x8b1aa0], sa_mask[0]=11111111011111111101111111111110, sa_flags=SA_RESTART|SA_SIGINFO
SIGINT: [libjvm.so+0x8b1aa0], sa_mask[0]=11111111011111111101111111111110, sa_flags=SA_RESTART|SA_SIGINFO
SIGTERM: [libjvm.so+0x8b1aa0], sa_mask[0]=11111111011111111101111111111110, sa_flags=SA_RESTART|SA_SIGINFO
SIGQUIT: [libjvm.so+0x8b1aa0], sa_mask[0]=11111111011111111101111111111110, sa_flags=SA_RESTART|SA_SIGINFO


---------------  S Y S T E M  ---------------

OS:DISTRIB_ID=LinuxMint
DISTRIB_RELEASE=19
DISTRIB_CODENAME=tara
DISTRIB_DESCRIPTION="Linux Mint 19 Tara"

uname:Linux 4.15.0-20-generic #21-Ubuntu SMP Tue Apr 24 06:16:15 UTC 2018 x86_64
libc:glibc 2.27 NPTL 2.27 
rlimit: STACK 8192k, CORE 0k, NPROC 31001, NOFILE 1048576, AS infinity
load average:0.95 0.92 1.01

/proc/meminfo:
MemTotal:        8095216 kB
MemFree:          105840 kB
MemAvailable:      15108 kB
Buffers:             420 kB
Cached:           573596 kB
SwapCached:            0 kB
Active:          7107460 kB
Inactive:         562356 kB
Active(anon):    7097888 kB
Inactive(anon):   540188 kB
Active(file):       9572 kB
Inactive(file):    22168 kB
Unevictable:        1048 kB
Mlocked:            1048 kB
SwapTotal:             0 kB
SwapFree:              0 kB
Dirty:               148 kB
Writeback:          1144 kB
AnonPages:       7097132 kB
Mapped:           159704 kB
Shmem:            541992 kB
Slab:             153628 kB
SReclaimable:      66608 kB
SUnreclaim:        87020 kB
KernelStack:       13696 kB
PageTables:        72572 kB
NFS_Unstable:          0 kB
Bounce:                0 kB
WritebackTmp:          0 kB
CommitLimit:     4047608 kB
Committed_AS:   14896856 kB
VmallocTotal:   34359738367 kB
VmallocUsed:           0 kB
VmallocChunk:          0 kB
HardwareCorrupted:     0 kB
AnonHugePages:         0 kB
ShmemHugePages:        0 kB
ShmemPmdMapped:        0 kB
CmaTotal:              0 kB
CmaFree:               0 kB
HugePages_Total:       0
HugePages_Free:        0
HugePages_Rsvd:        0
HugePages_Surp:        0
Hugepagesize:       2048 kB
DirectMap4k:      287408 kB
DirectMap2M:     6979584 kB
DirectMap1G:     1048576 kB


CPU:total 4 (initial active 4) (2 cores per cpu, 2 threads per core) family 6 model 158 stepping 9, cmov, cx8, fxsr, mmx, sse, sse2, sse3, ssse3, sse4.1, sse4.2, popcnt, aes, clmul, erms, 3dnowpref, lzcnt, ht, tsc, tscinvbit

/proc/cpuinfo:
processor	: 0
vendor_id	: GenuineIntel
cpu family	: 6
model		: 158
model name	: Intel(R) Pentium(R) CPU G4600 @ 3.60GHz
stepping	: 9
microcode	: 0x5e
cpu MHz		: 3600.000
cache size	: 3072 KB
physical id	: 0
siblings	: 4
core id		: 0
cpu cores	: 2
apicid		: 0
initial apicid	: 0
fpu		: yes
fpu_exception	: yes
cpuid level	: 22
wp		: yes
flags		: fpu vme de pse tsc msr pae mce cx8 apic sep mtrr pge mca cmov pat pse36 clflush dts acpi mmx fxsr sse sse2 ss ht tm pbe syscall nx pdpe1gb rdtscp lm constant_tsc art arch_perfmon pebs bts rep_good nopl xtopology nonstop_tsc cpuid aperfmperf tsc_known_freq pni pclmulqdq dtes64 monitor ds_cpl vmx est tm2 ssse3 sdbg cx16 xtpr pdcm pcid sse4_1 sse4_2 x2apic movbe popcnt tsc_deadline_timer aes xsave rdrand lahf_lm abm 3dnowprefetch cpuid_fault invpcid_single pti tpr_shadow vnmi flexpriority ept vpid fsgsbase tsc_adjust smep erms invpcid mpx rdseed smap clflushopt intel_pt xsaveopt xsavec xgetbv1 xsaves dtherm arat pln pts hwp hwp_notify hwp_act_window hwp_epp
bugs		: cpu_meltdown spectre_v1 spectre_v2
bogomips	: 7200.00
clflush size	: 64
cache_alignment	: 64
address sizes	: 39 bits physical, 48 bits virtual
power management:

processor	: 1
vendor_id	: GenuineIntel
cpu family	: 6
model		: 158
model name	: Intel(R) Pentium(R) CPU G4600 @ 3.60GHz
stepping	: 9
microcode	: 0x5e
cpu MHz		: 3599.998
cache size	: 3072 KB
physical id	: 0
siblings	: 4
core id		: 1
cpu cores	: 2
apicid		: 2
initial apicid	: 2
fpu		: yes
fpu_exception	: yes
cpuid level	: 22
wp		: yes
flags		: fpu vme de pse tsc msr pae mce cx8 apic sep mtrr pge mca cmov pat pse36 clflush dts acpi mmx fxsr sse sse2 ss ht tm pbe syscall nx pdpe1gb rdtscp lm constant_tsc art arch_perfmon pebs bts rep_good nopl xtopology nonstop_tsc cpuid aperfmperf tsc_known_freq pni pclmulqdq dtes64 monitor ds_cpl vmx est tm2 ssse3 sdbg cx16 xtpr pdcm pcid sse4_1 sse4_2 x2apic movbe popcnt tsc_deadline_timer aes xsave rdrand lahf_lm abm 3dnowprefetch cpuid_fault invpcid_single pti tpr_shadow vnmi flexpriority ept vpid fsgsbase tsc_adjust smep erms invpcid mpx rdseed smap clflushopt intel_pt xsaveopt xsavec xgetbv1 xsaves dtherm arat pln pts hwp hwp_notify hwp_act_window hwp_epp
bugs		: cpu_meltdown spectre_v1 spectre_v2
bogomips	: 7200.00
clflush size	: 64
cache_alignment	: 64
address sizes	: 39 bits physical, 48 bits virtual
power management:

processor	: 2
vendor_id	: GenuineIntel
cpu family	: 6
model		: 158
model name	: Intel(R) Pentium(R) CPU G4600 @ 3.60GHz
stepping	: 9
microcode	: 0x5e
cpu MHz		: 3600.006
cache size	: 3072 KB
physical id	: 0
siblings	: 4
core id		: 0
cpu cores	: 2
apicid		: 1
initial apicid	: 1
fpu		: yes
fpu_exception	: yes
cpuid level	: 22
wp		: yes
flags		: fpu vme de pse tsc msr pae mce cx8 apic sep mtrr pge mca cmov pat pse36 clflush dts acpi mmx fxsr sse sse2 ss ht tm pbe syscall nx pdpe1gb rdtscp lm constant_tsc art arch_perfmon pebs bts rep_good nopl xtopology nonstop_tsc cpuid aperfmperf tsc_known_freq pni pclmulqdq dtes64 monitor ds_cpl vmx est tm2 ssse3 sdbg cx16 xtpr pdcm pcid sse4_1 sse4_2 x2apic movbe popcnt tsc_deadline_timer aes xsave rdrand lahf_lm abm 3dnowprefetch cpuid_fault invpcid_single pti tpr_shadow vnmi flexpriority ept vpid fsgsbase tsc_adjust smep erms invpcid mpx rdseed smap clflushopt intel_pt xsaveopt xsavec xgetbv1 xsaves dtherm arat pln pts hwp hwp_notify hwp_act_window hwp_epp
bugs		: cpu_meltdown spectre_v1 spectre_v2
bogomips	: 7200.00
clflush size	: 64
cache_alignment	: 64
address sizes	: 39 bits physical, 48 bits virtual
power management:

processor	: 3
vendor_id	: GenuineIntel
cpu family	: 6
model		: 158
model name	: Intel(R) Pentium(R) CPU G4600 @ 3.60GHz
stepping	: 9
microcode	: 0x5e
cpu MHz		: 3600.006
cache size	: 3072 KB
physical id	: 0
siblings	: 4
core id		: 1
cpu cores	: 2
apicid		: 3
initial apicid	: 3
fpu		: yes
fpu_exception	: yes
cpuid level	: 22
wp		: yes
flags		: fpu vme de pse tsc msr pae mce cx8 apic sep mtrr pge mca cmov pat pse36 clflush dts acpi mmx fxsr sse sse2 ss ht tm pbe syscall nx pdpe1gb rdtscp lm constant_tsc art arch_perfmon pebs bts rep_good nopl xtopology nonstop_tsc cpuid aperfmperf tsc_known_freq pni pclmulqdq dtes64 monitor ds_cpl vmx est tm2 ssse3 sdbg cx16 xtpr pdcm pcid sse4_1 sse4_2 x2apic movbe popcnt tsc_deadline_timer aes xsave rdrand lahf_lm abm 3dnowprefetch cpuid_fault invpcid_single pti tpr_shadow vnmi flexpriority ept vpid fsgsbase tsc_adjust smep erms invpcid mpx rdseed smap clflushopt intel_pt xsaveopt xsavec xgetbv1 xsaves dtherm arat pln pts hwp hwp_notify hwp_act_window hwp_epp
bugs		: cpu_meltdown spectre_v1 spectre_v2
bogomips	: 7200.00
clflush size	: 64
cache_alignment	: 64
address sizes	: 39 bits physical, 48 bits virtual
power management:



Memory: 4k page, physical 8095216k(109880k free), swap 0k(0k free)

vm_info: OpenJDK 64-Bit Server VM (25.152-b01) for linux-amd64 JRE (1.8.0_152-release-1248-b01), built by "builder" with gcc 7.3.0

time: Wed Jul 10 16:01:56 2019
elapsed time: 6 seconds (0d 0h 0m 6s)

