#
# There is insufficient memory for the Java Runtime Environment to continue.
# Native memory allocation (mmap) failed to map 275251200 bytes for committing reserved memory.
# Possible reasons:
#   The system is out of physical RAM or swap space
#   In 32 bit mode, the process size limit was hit
# Possible solutions:
#   Reduce memory load on the system
#   Increase physical memory or swap space
#   Check if swap backing store is full
#   Use 64 bit Java on a 64 bit OS
#   Decrease Java heap size (-Xmx/-Xms)
#   Decrease number of Java threads
#   Decrease Java thread stack sizes (-Xss)
#   Set larger code cache with -XX:ReservedCodeCacheSize=
# This output file may be truncated or incomplete.
#
#  Out of Memory Error (os_linux.cpp:2640), pid=22638, tid=0x00007f2ba8198700
#
# JRE version: OpenJDK Runtime Environment (8.0_152-b01) (build 1.8.0_152-release-1248-b01)
# Java VM: OpenJDK 64-Bit Server VM (25.152-b01 mixed mode linux-amd64 compressed oops)
# Failed to write core dump. Core dumps have been disabled. To enable core dumping, try "ulimit -c unlimited" before starting Java again
#

---------------  T H R E A D  ---------------

Current thread (0x00007f2ba4143000):  VMThread [stack: 0x00007f2ba8099000,0x00007f2ba8199000] [id=22648]

Stack: [0x00007f2ba8099000,0x00007f2ba8199000],  sp=0x00007f2ba81974f0,  free space=1017k
Native frames: (J=compiled Java code, j=interpreted, Vv=VM code, C=native code)
V  [libjvm.so+0xa70d2f]  VMError::report_and_die()+0x2af
V  [libjvm.so+0x4c7207]  report_vm_out_of_memory(char const*, int, unsigned long, VMErrorType, char const*)+0x67
V  [libjvm.so+0x8b5b60]  os::pd_commit_memory(char*, unsigned long, unsigned long, bool)+0x100
V  [libjvm.so+0x8b077f]  os::commit_memory(char*, unsigned long, unsigned long, bool)+0x1f
V  [libjvm.so+0x92e436]  PSVirtualSpace::expand_by(unsigned long)+0x56
V  [libjvm.so+0x91d7db]  PSOldGen::expand_by(unsigned long) [clone .part.28]+0x1b
V  [libjvm.so+0x91d998]  PSOldGen::expand(unsigned long) [clone .part.29]+0xa8
V  [libjvm.so+0x91e541]  PSOldGen::resize(unsigned long)+0xe1
V  [libjvm.so+0x9245f6]  PSParallelCompact::invoke_no_policy(bool) [clone .part.118]+0x9e6
V  [libjvm.so+0x92c3c5]  PSScavenge::invoke()+0x215
V  [libjvm.so+0x8dbd98]  ParallelScavengeHeap::failed_mem_allocate(unsigned long)+0x68
V  [libjvm.so+0xa72863]  VM_ParallelGCFailedAllocation::doit()+0x93
V  [libjvm.so+0xa77896]  VM_Operation::evaluate()+0x46
V  [libjvm.so+0xa750f2]  VMThread::evaluate_operation(VM_Operation*) [clone .constprop.31]+0xa2
V  [libjvm.so+0xa7651b]  VMThread::loop()+0x37b
V  [libjvm.so+0xa768c8]  VMThread::run()+0x78
V  [libjvm.so+0x8b3322]  java_start(Thread*)+0x102

VM_Operation (0x00007f2badede640): ParallelGCFailedAllocation, mode: safepoint, requested by thread 0x00007f2ba400e800


---------------  P R O C E S S  ---------------

Java Threads: ( => current thread )
  0x00007f2ba4243000 JavaThread "Service Thread" daemon [_thread_blocked, id=22656, stack(0x00007f2b941e2000,0x00007f2b942e3000)]
  0x00007f2ba4236000 JavaThread "C1 CompilerThread2" daemon [_thread_blocked, id=22655, stack(0x00007f2b944fb000,0x00007f2b945fb000)]
  0x00007f2ba4233800 JavaThread "C2 CompilerThread1" daemon [_thread_blocked, id=22654, stack(0x00007f2b945fc000,0x00007f2b946fc000)]
  0x00007f2ba4231800 JavaThread "C2 CompilerThread0" daemon [_thread_blocked, id=22653, stack(0x00007f2b946fd000,0x00007f2b947fd000)]
  0x00007f2ba4230000 JavaThread "Monitor Ctrl-Break" daemon [_thread_in_native, id=22652, stack(0x00007f2b947fd000,0x00007f2b948fe000)]
  0x00007f2ba4182800 JavaThread "Signal Dispatcher" daemon [_thread_blocked, id=22651, stack(0x00007f2b94a1f000,0x00007f2b94b20000)]
  0x00007f2ba414f800 JavaThread "Finalizer" daemon [_thread_blocked, id=22650, stack(0x00007f2b94dfe000,0x00007f2b94eff000)]
  0x00007f2ba414b000 JavaThread "Reference Handler" daemon [_thread_blocked, id=22649, stack(0x00007f2b94eff000,0x00007f2b95000000)]
  0x00007f2ba400e800 JavaThread "main" [_thread_blocked, id=22641, stack(0x00007f2badde0000,0x00007f2badee0000)]

Other Threads:
=>0x00007f2ba4143000 VMThread [stack: 0x00007f2ba8099000,0x00007f2ba8199000] [id=22648]
  0x00007f2ba4245800 WatcherThread [stack: 0x00007f2b940e2000,0x00007f2b941e2000] [id=22657]

VM state:at safepoint (normal execution)

VM Mutex/Monitor currently owned by a thread:  ([mutex/lock_event])
[0x00007f2ba400a860] ExpandHeap_lock - owner thread: 0x00007f2ba4143000
[0x00007f2ba400aee0] Threads_lock - owner thread: 0x00007f2ba4143000
[0x00007f2ba400b3e0] Heap_lock - owner thread: 0x00007f2ba400e800

Heap:
 PSYoungGen      total 424960K, used 92219K [0x00000000d6d00000, 0x00000000ff000000, 0x0000000100000000)
  eden space 200192K, 0% used [0x00000000d6d00000,0x00000000d6d00000,0x00000000e3080000)
  from space 224768K, 41% used [0x00000000f0c00000,0x00000000f660ed40,0x00000000fe780000)
  to   space 224768K, 0% used [0x00000000e3080000,0x00000000e3080000,0x00000000f0c00000)
 ParOldGen       total 521216K, used 521163K [0x0000000084600000, 0x00000000a4300000, 0x00000000d6d00000)
  object space 521216K, 99% used [0x0000000084600000,0x00000000a42f2d20,0x00000000a4300000)
 Metaspace       used 3330K, capacity 4564K, committed 4864K, reserved 1056768K
  class space    used 354K, capacity 388K, committed 512K, reserved 1048576K

Card table byte_map: [0x00007f2baa564000,0x00007f2baa942000] byte_map_base: 0x00007f2baa141000

Marking Bits: (ParMarkBitMap*) 0x00007f2bad28e160
 Begin Bits: [0x00007f2b8c230000, 0x00007f2b8e118000)
 End Bits:   [0x00007f2b8e118000, 0x00007f2b90000000)

Polling page: 0x00007f2badefd000

CodeCache: size=245760Kb used=1294Kb max_used=1308Kb free=244465Kb
 bounds [0x00007f2b95000000, 0x00007f2b95270000, 0x00007f2ba4000000]
 total_blobs=319 nmethods=68 adapters=168
 compilation: enabled

Compilation events (10 events):
Event: 0.244 Thread 0x00007f2ba4236000 nmethod 57 0x00007f2b9512cd90 code [0x00007f2b9512cf00, 0x00007f2b9512d088]
Event: 0.244 Thread 0x00007f2ba4233800   65       4       sun.misc.FloatingDecimal$ASCIIToBinaryBuffer::doubleValue (1194 bytes)
Event: 0.245 Thread 0x00007f2ba4233800 nmethod 65 0x00007f2b9512c7d0 code [0x00007f2b9512c920, 0x00007f2b9512cab8]
Event: 0.253 Thread 0x00007f2ba4231800 nmethod 64 0x00007f2b9512fc90 code [0x00007f2b9512fe40, 0x00007f2b95130578]
Event: 0.276 Thread 0x00007f2ba4236000   66 %     3       com.example.classroomlibrary.Import::main @ 193 (356 bytes)
Event: 0.279 Thread 0x00007f2ba4236000 nmethod 66% 0x00007f2b951373d0 code [0x00007f2b95137980, 0x00007f2b9513b5c8]
Event: 0.281 Thread 0x00007f2ba4236000   67       3       com.example.classroomlibrary.Import::main (356 bytes)
Event: 0.285 Thread 0x00007f2ba4236000 nmethod 67 0x00007f2b9513d250 code [0x00007f2b9513da20, 0x00007f2b951426d8]
Event: 0.299 Thread 0x00007f2ba4233800   68 %     4       com.example.classroomlibrary.Import::main @ 193 (356 bytes)
Event: 0.334 Thread 0x00007f2ba4233800 nmethod 68% 0x00007f2b95148450 code [0x00007f2b951486c0, 0x00007f2b95149370]

GC Heap History (10 events):
Event: 2.182 GC heap after
Heap after GC invocations=11 (full 2):
 PSYoungGen      total 281088K, used 150500K [0x00000000d6d00000, 0x00000000f8a00000, 0x0000000100000000)
  eden space 130560K, 0% used [0x00000000d6d00000,0x00000000d6d00000,0x00000000dec80000)
  from space 150528K, 99% used [0x00000000dec80000,0x00000000e7f792f0,0x00000000e7f80000)
  to   space 192000K, 0% used [0x00000000ece80000,0x00000000ece80000,0x00000000f8a00000)
 ParOldGen       total 282112K, used 257269K [0x0000000084600000, 0x0000000095980000, 0x00000000d6d00000)
  object space 282112K, 91% used [0x0000000084600000,0x000000009413d7e0,0x0000000095980000)
 Metaspace       used 3330K, capacity 4564K, committed 4864K, reserved 1056768K
  class space    used 354K, capacity 388K, committed 512K, reserved 1048576K
}
Event: 2.182 GC heap before
{Heap before GC invocations=12 (full 3):
 PSYoungGen      total 281088K, used 150500K [0x00000000d6d00000, 0x00000000f8a00000, 0x0000000100000000)
  eden space 130560K, 0% used [0x00000000d6d00000,0x00000000d6d00000,0x00000000dec80000)
  from space 150528K, 99% used [0x00000000dec80000,0x00000000e7f792f0,0x00000000e7f80000)
  to   space 192000K, 0% used [0x00000000ece80000,0x00000000ece80000,0x00000000f8a00000)
 ParOldGen       total 282112K, used 257269K [0x0000000084600000, 0x0000000095980000, 0x00000000d6d00000)
  object space 282112K, 91% used [0x0000000084600000,0x000000009413d7e0,0x0000000095980000)
 Metaspace       used 3330K, capacity 4564K, committed 4864K, reserved 1056768K
  class space    used 354K, capacity 388K, committed 512K, reserved 1048576K
Event: 3.058 GC heap after
Heap after GC invocations=12 (full 3):
 PSYoungGen      total 281088K, used 113925K [0x00000000d6d00000, 0x00000000f8a00000, 0x0000000100000000)
  eden space 130560K, 0% used [0x00000000d6d00000,0x00000000d6d00000,0x00000000dec80000)
  from space 150528K, 75% used [0x00000000dec80000,0x00000000e5bc16c0,0x00000000e7f80000)
  to   space 192000K, 0% used [0x00000000ece80000,0x00000000ece80000,0x00000000f8a00000)
 ParOldGen       total 456192K, used 281964K [0x0000000084600000, 0x00000000a0380000, 0x00000000d6d00000)
  object space 456192K, 61% used [0x0000000084600000,0x000000009595b288,0x00000000a0380000)
 Metaspace       used 3330K, capacity 4564K, committed 4864K, reserved 1056768K
  class space    used 354K, capacity 388K, committed 512K, reserved 1048576K
}
Event: 3.092 GC heap before
{Heap before GC invocations=13 (full 3):
 PSYoungGen      total 281088K, used 244485K [0x00000000d6d00000, 0x00000000f8a00000, 0x0000000100000000)
  eden space 130560K, 100% used [0x00000000d6d00000,0x00000000dec80000,0x00000000dec80000)
  from space 150528K, 75% used [0x00000000dec80000,0x00000000e5bc16c0,0x00000000e7f80000)
  to   space 192000K, 0% used [0x00000000ece80000,0x00000000ece80000,0x00000000f8a00000)
 ParOldGen       total 456192K, used 281964K [0x0000000084600000, 0x00000000a0380000, 0x00000000d6d00000)
  object space 456192K, 61% used [0x0000000084600000,0x000000009595b288,0x00000000a0380000)
 Metaspace       used 3330K, capacity 4564K, committed 4864K, reserved 1056768K
  class space    used 354K, capacity 388K, committed 512K, reserved 1048576K
Event: 3.224 GC heap after
Heap after GC invocations=13 (full 3):
 PSYoungGen      total 348672K, used 144087K [0x00000000d6d00000, 0x00000000f9c80000, 0x0000000100000000)
  eden space 156672K, 0% used [0x00000000d6d00000,0x00000000d6d00000,0x00000000e0600000)
  from space 192000K, 75% used [0x00000000ece80000,0x00000000f5b35c60,0x00000000f8a00000)
  to   space 205312K, 0% used [0x00000000e0600000,0x00000000e0600000,0x00000000ece80000)
 ParOldGen       total 456192K, used 339012K [0x0000000084600000, 0x00000000a0380000, 0x00000000d6d00000)
  object space 456192K, 74% used [0x0000000084600000,0x0000000099111288,0x00000000a0380000)
 Metaspace       used 3330K, capacity 4564K, committed 4864K, reserved 1056768K
  class space    used 354K, capacity 388K, committed 512K, reserved 1048576K
}
Event: 3.273 GC heap before
{Heap before GC invocations=14 (full 3):
 PSYoungGen      total 348672K, used 300759K [0x00000000d6d00000, 0x00000000f9c80000, 0x0000000100000000)
  eden space 156672K, 100% used [0x00000000d6d00000,0x00000000e0600000,0x00000000e0600000)
  from space 192000K, 75% used [0x00000000ece80000,0x00000000f5b35c60,0x00000000f8a00000)
  to   space 205312K, 0% used [0x00000000e0600000,0x00000000e0600000,0x00000000ece80000)
 ParOldGen       total 456192K, used 339012K [0x0000000084600000, 0x00000000a0380000, 0x00000000d6d00000)
  object space 456192K, 74% used [0x0000000084600000,0x0000000099111288,0x00000000a0380000)
 Metaspace       used 3330K, capacity 4564K, committed 4864K, reserved 1056768K
  class space    used 354K, capacity 388K, committed 512K, reserved 1048576K
Event: 3.357 GC heap after
Heap after GC invocations=14 (full 3):
 PSYoungGen      total 361984K, used 205303K [0x00000000d6d00000, 0x00000000fe780000, 0x0000000100000000)
  eden space 156672K, 0% used [0x00000000d6d00000,0x00000000d6d00000,0x00000000e0600000)
  from space 205312K, 99% used [0x00000000e0600000,0x00000000ece7dc60,0x00000000ece80000)
  to   space 224768K, 0% used [0x00000000f0c00000,0x00000000f0c00000,0x00000000fe780000)
 ParOldGen       total 456192K, used 361580K [0x0000000084600000, 0x00000000a0380000, 0x00000000d6d00000)
  object space 456192K, 79% used [0x0000000084600000,0x000000009a71b288,0x00000000a0380000)
 Metaspace       used 3330K, capacity 4564K, committed 4864K, reserved 1056768K
  class space    used 354K, capacity 388K, committed 512K, reserved 1048576K
}
Event: 3.399 GC heap before
{Heap before GC invocations=15 (full 3):
 PSYoungGen      total 361984K, used 340003K [0x00000000d6d00000, 0x00000000fe780000, 0x0000000100000000)
  eden space 156672K, 85% used [0x00000000d6d00000,0x00000000df08afa8,0x00000000e0600000)
  from space 205312K, 99% used [0x00000000e0600000,0x00000000ece7dc60,0x00000000ece80000)
  to   space 224768K, 0% used [0x00000000f0c00000,0x00000000f0c00000,0x00000000fe780000)
 ParOldGen       total 456192K, used 361580K [0x0000000084600000, 0x00000000a0380000, 0x00000000d6d00000)
  object space 456192K, 79% used [0x0000000084600000,0x000000009a71b288,0x00000000a0380000)
 Metaspace       used 3330K, capacity 4564K, committed 4864K, reserved 1056768K
  class space    used 354K, capacity 388K, committed 512K, reserved 1048576K
Event: 3.592 GC heap after
Heap after GC invocations=15 (full 3):
 PSYoungGen      total 424960K, used 155456K [0x00000000d6d00000, 0x00000000ff000000, 0x0000000100000000)
  eden space 200192K, 0% used [0x00000000d6d00000,0x00000000d6d00000,0x00000000e3080000)
  from space 224768K, 69% used [0x00000000f0c00000,0x00000000fa3d0000,0x00000000fe780000)
  to   space 224768K, 0% used [0x00000000e3080000,0x00000000e3080000,0x00000000f0c00000)
 ParOldGen       total 521216K, used 519746K [0x0000000084600000, 0x00000000a4300000, 0x00000000d6d00000)
  object space 521216K, 99% used [0x0000000084600000,0x00000000a4190b48,0x00000000a4300000)
 Metaspace       used 3330K, capacity 4564K, committed 4864K, reserved 1056768K
  class space    used 354K, capacity 388K, committed 512K, reserved 1048576K
}
Event: 3.592 GC heap before
{Heap before GC invocations=16 (full 4):
 PSYoungGen      total 424960K, used 155456K [0x00000000d6d00000, 0x00000000ff000000, 0x0000000100000000)
  eden space 200192K, 0% used [0x00000000d6d00000,0x00000000d6d00000,0x00000000e3080000)
  from space 224768K, 69% used [0x00000000f0c00000,0x00000000fa3d0000,0x00000000fe780000)
  to   space 224768K, 0% used [0x00000000e3080000,0x00000000e3080000,0x00000000f0c00000)
 ParOldGen       total 521216K, used 519746K [0x0000000084600000, 0x00000000a4300000, 0x00000000d6d00000)
  object space 521216K, 99% used [0x0000000084600000,0x00000000a4190b48,0x00000000a4300000)
 Metaspace       used 3330K, capacity 4564K, committed 4864K, reserved 1056768K
  class space    used 354K, capacity 388K, committed 512K, reserved 1048576K

Deoptimization events (0 events):
No events

Classes redefined (0 events):
No events

Internal exceptions (2 events):
Event: 0.074 Thread 0x00007f2ba400e800 Exception <a 'java/lang/NoSuchMethodError': Method sun.misc.Unsafe.defineClass(Ljava/lang/String;[BII)Ljava/lang/Class; name or signature does not match> (0x00000000d6d07ca8) thrown at [/usr/local/google/home/ralucas/source/AOSP-openjdk-git/jdk8u/hotspot/
Event: 0.074 Thread 0x00007f2ba400e800 Exception <a 'java/lang/NoSuchMethodError': Method sun.misc.Unsafe.prefetchRead(Ljava/lang/Object;J)V name or signature does not match> (0x00000000d6d07f90) thrown at [/usr/local/google/home/ralucas/source/AOSP-openjdk-git/jdk8u/hotspot/src/share/vm/prims

Events (10 events):
Event: 1.971 Executing VM operation: ParallelGCFailedAllocation done
Event: 2.003 Executing VM operation: ParallelGCFailedAllocation
Event: 2.069 Executing VM operation: ParallelGCFailedAllocation done
Event: 2.111 Executing VM operation: ParallelGCFailedAllocation
Event: 3.058 Executing VM operation: ParallelGCFailedAllocation done
Event: 3.092 Executing VM operation: ParallelGCFailedAllocation
Event: 3.224 Executing VM operation: ParallelGCFailedAllocation done
Event: 3.273 Executing VM operation: ParallelGCFailedAllocation
Event: 3.357 Executing VM operation: ParallelGCFailedAllocation done
Event: 3.399 Executing VM operation: ParallelGCFailedAllocation


Dynamic libraries:
84600000-a4300000 rw-p 00000000 00:00 0 
b4980000-d6d00000 ---p 00000000 00:00 0 
d6d00000-ff000000 rw-p 00000000 00:00 0 
ff000000-100000000 ---p 00000000 00:00 0 
100000000-100080000 rw-p 00000000 00:00 0 
100080000-140000000 ---p 00000000 00:00 0 
55e2d0c1b000-55e2d0c1c000 r-xp 00000000 08:15 2510873                    /usr/local/android-studio/jre/bin/java
55e2d0e1b000-55e2d0e1c000 r--p 00000000 08:15 2510873                    /usr/local/android-studio/jre/bin/java
55e2d0e1c000-55e2d0e1d000 rw-p 00001000 08:15 2510873                    /usr/local/android-studio/jre/bin/java
55e2d2179000-55e2d219a000 rw-p 00000000 00:00 0                          [heap]
7f2b50000000-7f2b50021000 rw-p 00000000 00:00 0 
7f2b50021000-7f2b54000000 ---p 00000000 00:00 0 
7f2b58000000-7f2b58178000 rw-p 00000000 00:00 0 
7f2b58178000-7f2b5c000000 ---p 00000000 00:00 0 
7f2b5c000000-7f2b5c021000 rw-p 00000000 00:00 0 
7f2b5c021000-7f2b60000000 ---p 00000000 00:00 0 
7f2b60000000-7f2b600a1000 rw-p 00000000 00:00 0 
7f2b600a1000-7f2b64000000 ---p 00000000 00:00 0 
7f2b64000000-7f2b64182000 rw-p 00000000 00:00 0 
7f2b64182000-7f2b68000000 ---p 00000000 00:00 0 
7f2b68000000-7f2b68021000 rw-p 00000000 00:00 0 
7f2b68021000-7f2b6c000000 ---p 00000000 00:00 0 
7f2b6c000000-7f2b6c021000 rw-p 00000000 00:00 0 
7f2b6c021000-7f2b70000000 ---p 00000000 00:00 0 
7f2b70000000-7f2b70021000 rw-p 00000000 00:00 0 
7f2b70021000-7f2b74000000 ---p 00000000 00:00 0 
7f2b74000000-7f2b74021000 rw-p 00000000 00:00 0 
7f2b74021000-7f2b78000000 ---p 00000000 00:00 0 
7f2b78000000-7f2b78021000 rw-p 00000000 00:00 0 
7f2b78021000-7f2b7c000000 ---p 00000000 00:00 0 
7f2b7c000000-7f2b7c021000 rw-p 00000000 00:00 0 
7f2b7c021000-7f2b80000000 ---p 00000000 00:00 0 
7f2b80000000-7f2b80d9c000 rw-p 00000000 00:00 0 
7f2b80d9c000-7f2b84000000 ---p 00000000 00:00 0 
7f2b84e76000-7f2b88000000 rw-p 00000000 00:00 0 
7f2b88000000-7f2b8875d000 rw-p 00000000 00:00 0 
7f2b8875d000-7f2b8c000000 ---p 00000000 00:00 0 
7f2b8c143000-7f2b90000000 rw-p 00000000 00:00 0 
7f2b90000000-7f2b90361000 rw-p 00000000 00:00 0 
7f2b90361000-7f2b94000000 ---p 00000000 00:00 0 
7f2b940e1000-7f2b940e2000 ---p 00000000 00:00 0 
7f2b940e2000-7f2b941e2000 rw-p 00000000 00:00 0 
7f2b941e2000-7f2b941e5000 ---p 00000000 00:00 0 
7f2b941e5000-7f2b942e3000 rw-p 00000000 00:00 0 
7f2b942e3000-7f2b942f9000 r-xp 00000000 08:15 2510611                    /usr/local/android-studio/jre/jre/lib/amd64/libnet.so
7f2b942f9000-7f2b944f8000 ---p 00016000 08:15 2510611                    /usr/local/android-studio/jre/jre/lib/amd64/libnet.so
7f2b944f8000-7f2b944f9000 r--p 00015000 08:15 2510611                    /usr/local/android-studio/jre/jre/lib/amd64/libnet.so
7f2b944f9000-7f2b944fa000 rw-p 00016000 08:15 2510611                    /usr/local/android-studio/jre/jre/lib/amd64/libnet.so
7f2b944fa000-7f2b944fb000 ---p 00000000 00:00 0 
7f2b944fb000-7f2b944fe000 ---p 00000000 00:00 0 
7f2b944fe000-7f2b945fb000 rw-p 00000000 00:00 0 
7f2b945fb000-7f2b945fc000 ---p 00000000 00:00 0 
7f2b945fc000-7f2b945ff000 ---p 00000000 00:00 0 
7f2b945ff000-7f2b946fc000 rw-p 00000000 00:00 0 
7f2b946fc000-7f2b946fd000 ---p 00000000 00:00 0 
7f2b946fd000-7f2b94700000 ---p 00000000 00:00 0 
7f2b94700000-7f2b947fd000 rw-p 00000000 00:00 0 
7f2b947fd000-7f2b94800000 ---p 00000000 00:00 0 
7f2b94800000-7f2b948fe000 rw-p 00000000 00:00 0 
7f2b948fe000-7f2b94a1f000 r--s 02b7d000 00:33 2380330                    /home/caleb/Android/Sdk/platforms/android-28/android.jar
7f2b94a1f000-7f2b94a22000 ---p 00000000 00:00 0 
7f2b94a22000-7f2b94b20000 rw-p 00000000 00:00 0 
7f2b94b20000-7f2b94dfe000 r--p 00000000 08:15 2497175                    /usr/lib/locale/locale-archive
7f2b94dfe000-7f2b94e01000 ---p 00000000 00:00 0 
7f2b94e01000-7f2b94eff000 rw-p 00000000 00:00 0 
7f2b94eff000-7f2b94f02000 ---p 00000000 00:00 0 
7f2b94f02000-7f2b95000000 rw-p 00000000 00:00 0 
7f2b95000000-7f2b95270000 rwxp 00000000 00:00 0 
7f2b95270000-7f2ba4000000 ---p 00000000 00:00 0 
7f2ba4000000-7f2ba424e000 rw-p 00000000 00:00 0 
7f2ba424e000-7f2ba8000000 ---p 00000000 00:00 0 
7f2ba8072000-7f2ba8074000 r--s 0001a000 08:15 2523189                    /usr/local/android-studio/lib/idea_rt.jar
7f2ba8074000-7f2ba8076000 r--s 0001c000 00:33 4343598                    /home/caleb/.gradle/caches/modules-2/files-2.1/com.android.support.constraint/constraint-layout-solver/1.1.3/bde0667d7414c16ed62d3cfe993cff7f9d732373/constraint-layout-solver-1.1.3.jar
7f2ba8076000-7f2ba8078000 r--s 00007000 00:33 4342918                    /home/caleb/.gradle/caches/transforms-1/files-1.1/swiperefreshlayout-28.0.0.aar/f6617bedfaf057390eefa5828b9cc39a/jars/classes.jar
7f2ba8078000-7f2ba807a000 r--s 00007000 00:33 4342885                    /home/caleb/.gradle/caches/transforms-1/files-1.1/customview-28.0.0.aar/2b8ebf8e9413b75dfc080882848dacf7/jars/classes.jar
7f2ba807a000-7f2ba807c000 r--s 00009000 00:33 3692644                    /home/caleb/.gradle/caches/transforms-1/files-1.1/coordinatorlayout-28.0.0.aar/2f878b95a50d65a65c2e824535e6090d/jars/classes.jar
7f2ba807c000-7f2ba807d000 r--s 00007000 00:33 3967791                    /home/caleb/.gradle/caches/transforms-1/files-1.1/drawerlayout-28.0.0.aar/cba18958e9b2a5a4804265747205c940/jars/classes.jar
7f2ba807d000-7f2ba807e000 r--s 00002000 00:33 1599671                    /home/caleb/.gradle/caches/transforms-1/files-1.1/livedata-1.1.1.aar/6e9314bdd2eef5e005c701d745a47d04/jars/classes.jar
7f2ba807e000-7f2ba807f000 r--s 00001000 00:33 1599695                    /home/caleb/.gradle/caches/transforms-1/files-1.1/interpolator-28.0.0.aar/bb29f533cd310b926cbe43c66cc00d6b/jars/classes.jar
7f2ba807f000-7f2ba8081000 r--s 00004000 00:33 4342860                    /home/caleb/.gradle/caches/modules-2/files-2.1/android.arch.lifecycle/common/1.1.1/207a6efae6a3555e326de41f76bdadd9a239cbce/common-1.1.1.jar
7f2ba8081000-7f2ba8083000 r--s 00005000 00:33 4342870                    /home/caleb/.gradle/caches/modules-2/files-2.1/com.android.support/support-annotations/28.0.0/ed73f5337a002d1fd24339d5fb08c2c9d9ca60d8/support-annotations-28.0.0.jar
7f2ba8083000-7f2ba8085000 r--s 00007000 00:33 3429102                    /home/caleb/.gradle/caches/transforms-1/files-1.1/support-vector-drawable-28.0.0.aar/c25238e94b7583e9bf024e2c88fd7853/jars/classes.jar
7f2ba8085000-7f2ba8086000 r--s 00000000 00:33 3293094                    /home/caleb/.gradle/caches/transforms-1/files-1.1/support-core-utils-28.0.0.aar/5b1a6b8a54caa12b21584dc93a660629/jars/classes.jar
7f2ba8086000-7f2ba8088000 r--s 0000c000 00:33 3967789                    /home/caleb/.gradle/caches/transforms-1/files-1.1/viewpager-28.0.0.aar/429aa637acc383d9e53365e67aeeff0c/jars/classes.jar
7f2ba8088000-7f2ba8089000 r--s 00006000 00:33 1599596                    /home/caleb/.gradle/caches/transforms-1/files-1.1/versionedparcelable-28.0.0.aar/d9344b879e68848effcbf8ce4778665a/jars/classes.jar
7f2ba8089000-7f2ba808a000 r--s 00002000 00:33 4342866                    /home/caleb/.gradle/caches/modules-2/files-2.1/android.arch.core/common/1.1.1/e55b70d1f5620db124b3e85a7f4bdc7bd48d9f95/common-1.1.1.jar
7f2ba808a000-7f2ba808c000 r--s 0000e000 00:33 3293069                    /home/caleb/.gradle/caches/transforms-1/files-1.1/constraint-layout-1.1.3.aar/2c7f63d38fbbedf62bc0f559a6d95ff1/jars/classes.jar
7f2ba808c000-7f2ba8098000 r--s 0008e000 00:33 4342910                    /home/caleb/.gradle/caches/transforms-1/files-1.1/support-compat-28.0.0.aar/feb0734162f9dac7aae18546a6357a42/jars/classes.jar
7f2ba8098000-7f2ba8099000 ---p 00000000 00:00 0 
7f2ba8099000-7f2ba90a8000 rw-p 00000000 00:00 0 
7f2ba90a8000-7f2ba9279000 r--s 03c88000 08:15 2510565                    /usr/local/android-studio/jre/jre/lib/rt.jar
7f2ba9279000-7f2ba972f000 rw-p 00000000 00:00 0 
7f2ba972f000-7f2ba9aef000 ---p 00000000 00:00 0 
7f2ba9aef000-7f2ba9ecc000 rw-p 00000000 00:00 0 
7f2ba9ecc000-7f2ba9ecd000 ---p 00000000 00:00 0 
7f2ba9ecd000-7f2ba9fcd000 rw-p 00000000 00:00 0 
7f2ba9fcd000-7f2ba9fce000 ---p 00000000 00:00 0 
7f2ba9fce000-7f2baa0ce000 rw-p 00000000 00:00 0 
7f2baa0ce000-7f2baa0cf000 ---p 00000000 00:00 0 
7f2baa0cf000-7f2baa1cf000 rw-p 00000000 00:00 0 
7f2baa1cf000-7f2baa1d0000 ---p 00000000 00:00 0 
7f2baa1d0000-7f2baa3cf000 rw-p 00000000 00:00 0 
7f2baa3cf000-7f2baa564000 ---p 00000000 00:00 0 
7f2baa564000-7f2baa663000 rw-p 00000000 00:00 0 
7f2baa663000-7f2baa7f7000 ---p 00000000 00:00 0 
7f2baa7f7000-7f2baa939000 rw-p 00000000 00:00 0 
7f2baa939000-7f2baa941000 ---p 00000000 00:00 0 
7f2baa941000-7f2baa94c000 rw-p 00000000 00:00 0 
7f2baa94c000-7f2baad02000 ---p 00000000 00:00 0 
7f2baad02000-7f2baad1c000 r-xp 00000000 08:15 2510610                    /usr/local/android-studio/jre/jre/lib/amd64/libzip.so
7f2baad1c000-7f2baaf1b000 ---p 0001a000 08:15 2510610                    /usr/local/android-studio/jre/jre/lib/amd64/libzip.so
7f2baaf1b000-7f2baaf1c000 r--p 00019000 08:15 2510610                    /usr/local/android-studio/jre/jre/lib/amd64/libzip.so
7f2baaf1c000-7f2baaf1d000 rw-p 0001a000 08:15 2510610                    /usr/local/android-studio/jre/jre/lib/amd64/libzip.so
7f2baaf1d000-7f2baaf28000 r-xp 00000000 08:15 529752                     /lib/x86_64-linux-gnu/libnss_files-2.27.so
7f2baaf28000-7f2bab127000 ---p 0000b000 08:15 529752                     /lib/x86_64-linux-gnu/libnss_files-2.27.so
7f2bab127000-7f2bab128000 r--p 0000a000 08:15 529752                     /lib/x86_64-linux-gnu/libnss_files-2.27.so
7f2bab128000-7f2bab129000 rw-p 0000b000 08:15 529752                     /lib/x86_64-linux-gnu/libnss_files-2.27.so
7f2bab129000-7f2bab12f000 rw-p 00000000 00:00 0 
7f2bab12f000-7f2bab146000 r-xp 00000000 08:15 529746                     /lib/x86_64-linux-gnu/libnsl-2.27.so
7f2bab146000-7f2bab345000 ---p 00017000 08:15 529746                     /lib/x86_64-linux-gnu/libnsl-2.27.so
7f2bab345000-7f2bab346000 r--p 00016000 08:15 529746                     /lib/x86_64-linux-gnu/libnsl-2.27.so
7f2bab346000-7f2bab347000 rw-p 00017000 08:15 529746                     /lib/x86_64-linux-gnu/libnsl-2.27.so
7f2bab347000-7f2bab349000 rw-p 00000000 00:00 0 
7f2bab349000-7f2bab354000 r-xp 00000000 08:15 529763                     /lib/x86_64-linux-gnu/libnss_nis-2.27.so
7f2bab354000-7f2bab553000 ---p 0000b000 08:15 529763                     /lib/x86_64-linux-gnu/libnss_nis-2.27.so
7f2bab553000-7f2bab554000 r--p 0000a000 08:15 529763                     /lib/x86_64-linux-gnu/libnss_nis-2.27.so
7f2bab554000-7f2bab555000 rw-p 0000b000 08:15 529763                     /lib/x86_64-linux-gnu/libnss_nis-2.27.so
7f2bab555000-7f2bab55d000 r-xp 00000000 08:15 529748                     /lib/x86_64-linux-gnu/libnss_compat-2.27.so
7f2bab55d000-7f2bab75d000 ---p 00008000 08:15 529748                     /lib/x86_64-linux-gnu/libnss_compat-2.27.so
7f2bab75d000-7f2bab75e000 r--p 00008000 08:15 529748                     /lib/x86_64-linux-gnu/libnss_compat-2.27.so
7f2bab75e000-7f2bab75f000 rw-p 00009000 08:15 529748                     /lib/x86_64-linux-gnu/libnss_compat-2.27.so
7f2bab75f000-7f2bab769000 r-xp 00000000 08:15 2510604                    /usr/local/android-studio/jre/jre/lib/amd64/libinstrument.so
7f2bab769000-7f2bab968000 ---p 0000a000 08:15 2510604                    /usr/local/android-studio/jre/jre/lib/amd64/libinstrument.so
7f2bab968000-7f2bab969000 r--p 00009000 08:15 2510604                    /usr/local/android-studio/jre/jre/lib/amd64/libinstrument.so
7f2bab969000-7f2bab96a000 rw-p 0000a000 08:15 2510604                    /usr/local/android-studio/jre/jre/lib/amd64/libinstrument.so
7f2bab96a000-7f2bab997000 r-xp 00000000 08:15 2510609                    /usr/local/android-studio/jre/jre/lib/amd64/libjava.so
7f2bab997000-7f2babb96000 ---p 0002d000 08:15 2510609                    /usr/local/android-studio/jre/jre/lib/amd64/libjava.so
7f2babb96000-7f2babb97000 r--p 0002c000 08:15 2510609                    /usr/local/android-studio/jre/jre/lib/amd64/libjava.so
7f2babb97000-7f2babb99000 rw-p 0002d000 08:15 2510609                    /usr/local/android-studio/jre/jre/lib/amd64/libjava.so
7f2babb99000-7f2babbaa000 r-xp 00000000 08:15 2510584                    /usr/local/android-studio/jre/jre/lib/amd64/libverify.so
7f2babbaa000-7f2babda9000 ---p 00011000 08:15 2510584                    /usr/local/android-studio/jre/jre/lib/amd64/libverify.so
7f2babda9000-7f2babdab000 r--p 00010000 08:15 2510584                    /usr/local/android-studio/jre/jre/lib/amd64/libverify.so
7f2babdab000-7f2babdac000 rw-p 00012000 08:15 2510584                    /usr/local/android-studio/jre/jre/lib/amd64/libverify.so
7f2babdac000-7f2babdb3000 r-xp 00000000 08:15 529803                     /lib/x86_64-linux-gnu/librt-2.27.so
7f2babdb3000-7f2babfb2000 ---p 00007000 08:15 529803                     /lib/x86_64-linux-gnu/librt-2.27.so
7f2babfb2000-7f2babfb3000 r--p 00006000 08:15 529803                     /lib/x86_64-linux-gnu/librt-2.27.so
7f2babfb3000-7f2babfb4000 rw-p 00007000 08:15 529803                     /lib/x86_64-linux-gnu/librt-2.27.so
7f2babfb4000-7f2bac151000 r-xp 00000000 08:15 529725                     /lib/x86_64-linux-gnu/libm-2.27.so
7f2bac151000-7f2bac350000 ---p 0019d000 08:15 529725                     /lib/x86_64-linux-gnu/libm-2.27.so
7f2bac350000-7f2bac351000 r--p 0019c000 08:15 529725                     /lib/x86_64-linux-gnu/libm-2.27.so
7f2bac351000-7f2bac352000 rw-p 0019d000 08:15 529725                     /lib/x86_64-linux-gnu/libm-2.27.so
7f2bac352000-7f2bacfbe000 r-xp 00000000 08:15 2510577                    /usr/local/android-studio/jre/jre/lib/amd64/server/libjvm.so
7f2bacfbe000-7f2bad1be000 ---p 00c6c000 08:15 2510577                    /usr/local/android-studio/jre/jre/lib/amd64/server/libjvm.so
7f2bad1be000-7f2bad252000 r--p 00c6c000 08:15 2510577                    /usr/local/android-studio/jre/jre/lib/amd64/server/libjvm.so
7f2bad252000-7f2bad27a000 rw-p 00d00000 08:15 2510577                    /usr/local/android-studio/jre/jre/lib/amd64/server/libjvm.so
7f2bad27a000-7f2bad2ab000 rw-p 00000000 00:00 0 
7f2bad2ab000-7f2bad492000 r-xp 00000000 08:15 529662                     /lib/x86_64-linux-gnu/libc-2.27.so
7f2bad492000-7f2bad692000 ---p 001e7000 08:15 529662                     /lib/x86_64-linux-gnu/libc-2.27.so
7f2bad692000-7f2bad696000 r--p 001e7000 08:15 529662                     /lib/x86_64-linux-gnu/libc-2.27.so
7f2bad696000-7f2bad698000 rw-p 001eb000 08:15 529662                     /lib/x86_64-linux-gnu/libc-2.27.so
7f2bad698000-7f2bad69c000 rw-p 00000000 00:00 0 
7f2bad69c000-7f2bad69f000 r-xp 00000000 08:15 529685                     /lib/x86_64-linux-gnu/libdl-2.27.so
7f2bad69f000-7f2bad89e000 ---p 00003000 08:15 529685                     /lib/x86_64-linux-gnu/libdl-2.27.so
7f2bad89e000-7f2bad89f000 r--p 00002000 08:15 529685                     /lib/x86_64-linux-gnu/libdl-2.27.so
7f2bad89f000-7f2bad8a0000 rw-p 00003000 08:15 529685                     /lib/x86_64-linux-gnu/libdl-2.27.so
7f2bad8a0000-7f2bad8b6000 r-xp 00000000 08:15 2510687                    /usr/local/android-studio/jre/lib/amd64/jli/libjli.so
7f2bad8b6000-7f2badab6000 ---p 00016000 08:15 2510687                    /usr/local/android-studio/jre/lib/amd64/jli/libjli.so
7f2badab6000-7f2badab7000 r--p 00016000 08:15 2510687                    /usr/local/android-studio/jre/lib/amd64/jli/libjli.so
7f2badab7000-7f2badab8000 rw-p 00017000 08:15 2510687                    /usr/local/android-studio/jre/lib/amd64/jli/libjli.so
7f2badab8000-7f2badad2000 r-xp 00000000 08:15 529795                     /lib/x86_64-linux-gnu/libpthread-2.27.so
7f2badad2000-7f2badcd1000 ---p 0001a000 08:15 529795                     /lib/x86_64-linux-gnu/libpthread-2.27.so
7f2badcd1000-7f2badcd2000 r--p 00019000 08:15 529795                     /lib/x86_64-linux-gnu/libpthread-2.27.so
7f2badcd2000-7f2badcd3000 rw-p 0001a000 08:15 529795                     /lib/x86_64-linux-gnu/libpthread-2.27.so
7f2badcd3000-7f2badcd7000 rw-p 00000000 00:00 0 
7f2badcd7000-7f2badcfe000 r-xp 00000000 08:15 529634                     /lib/x86_64-linux-gnu/ld-2.27.so
7f2badcfe000-7f2badcff000 r--s 00003000 00:33 1599642                    /home/caleb/.gradle/caches/transforms-1/files-1.1/print-28.0.0.aar/d3b68823f9ba2051ba80b8c934ac433a/jars/classes.jar
7f2badcff000-7f2badd00000 r--s 00001000 00:33 4342908                    /home/caleb/.gradle/caches/transforms-1/files-1.1/asynclayoutinflater-28.0.0.aar/ac77d1ed3bb99e03caf3d9d52e2d33b6/jars/classes.jar
7f2badd00000-7f2badd01000 r--s 00002000 00:33 3293080                    /home/caleb/.gradle/caches/transforms-1/files-1.1/support-core-ui-28.0.0.aar/0648fad4c49e7f8c7ad8843d26be060b/jars/classes.jar
7f2badd01000-7f2badd02000 r--s 00002000 00:33 1599606                    /home/caleb/.gradle/caches/transforms-1/files-1.1/runtime-1.1.1.aar/a9767a0550f198e83370895377ef13f3/jars/classes.jar
7f2badd02000-7f2badd04000 r--s 00009000 00:33 4342844                    /home/caleb/.gradle/caches/modules-2/files-2.1/com.android.support/collections/28.0.0/c1bcdade4d3cc2836130424a3f3e4182c666a745/collections-28.0.0.jar
7f2badd04000-7f2badd0f000 r--s 000a6000 00:33 1599698                    /home/caleb/.gradle/caches/transforms-1/files-1.1/appcompat-v7-28.0.0.aar/fb39bd2e58178b3946d3c2b2271deae7/jars/classes.jar
7f2badd0f000-7f2badddf000 rw-p 00000000 00:00 0 
7f2badddf000-7f2badde0000 ---p 00000000 00:00 0 
7f2badde0000-7f2badde3000 ---p 00000000 00:00 0 
7f2badde3000-7f2badee4000 rw-p 00000000 00:00 0 
7f2badee4000-7f2badee5000 r--s 00002000 00:33 1599600                    /home/caleb/.gradle/caches/transforms-1/files-1.1/cursoradapter-28.0.0.aar/89d6cb944154c8270e33179fc9784624/jars/classes.jar
7f2badee5000-7f2badee7000 r--s 00001000 00:33 1599672                    /home/caleb/.gradle/caches/transforms-1/files-1.1/livedata-core-1.1.1.aar/352629bbc9b6101f02b44672a0528777/jars/classes.jar
7f2badee7000-7f2badee9000 r--s 00000000 00:33 1599674                    /home/caleb/.gradle/caches/transforms-1/files-1.1/runtime-1.1.1.aar/d2117b332e72a2b1139041ef0974ef30/jars/classes.jar
7f2badee9000-7f2badeeb000 r--s 00007000 00:33 3560891                    /home/caleb/.gradle/caches/transforms-1/files-1.1/loader-28.0.0.aar/895a39b7b118bf7ce2b47e5a90e16c7f/jars/classes.jar
7f2badeeb000-7f2badeec000 r--s 00001000 00:33 1599645                    /home/caleb/.gradle/caches/transforms-1/files-1.1/viewmodel-1.1.1.aar/673ca93de3f29695e5dc32ac50220681/jars/classes.jar
7f2badeec000-7f2badeed000 r--s 00005000 00:33 4342882                    /home/caleb/.gradle/caches/transforms-1/files-1.1/slidingpanelayout-28.0.0.aar/6e371dc650c5d71fee3727bdf161b09c/jars/classes.jar
7f2badeed000-7f2badeef000 r--s 00007000 00:33 3293082                    /home/caleb/.gradle/caches/transforms-1/files-1.1/animated-vector-drawable-28.0.0.aar/2d9c23188f108fad2b2950eda901a17f/jars/classes.jar
7f2badeef000-7f2badef0000 r--s 00002000 00:33 1599617                    /home/caleb/.gradle/caches/transforms-1/files-1.1/documentfile-28.0.0.aar/7829d3f0074a488b0c8171f5b9d94386/jars/classes.jar
7f2badef0000-7f2badef1000 r--s 00001000 00:33 1599649                    /home/caleb/.gradle/caches/transforms-1/files-1.1/localbroadcastmanager-28.0.0.aar/0e0b7c4a47b16a1636a13a19230eec43/jars/classes.jar
7f2badef1000-7f2badef4000 r--s 00026000 00:33 3429105                    /home/caleb/.gradle/caches/transforms-1/files-1.1/support-fragment-28.0.0.aar/b82dd205e835e5d9d3ce8ee84caa458c/jars/classes.jar
7f2badef4000-7f2badefc000 rw-s 00000000 08:15 3957649                    /tmp/hsperfdata_caleb/22638
7f2badefc000-7f2badefd000 rw-p 00000000 00:00 0 
7f2badefd000-7f2badefe000 ---p 00000000 00:00 0 
7f2badefe000-7f2badeff000 r--p 00027000 08:15 529634                     /lib/x86_64-linux-gnu/ld-2.27.so
7f2badeff000-7f2badf00000 rw-p 00028000 08:15 529634                     /lib/x86_64-linux-gnu/ld-2.27.so
7f2badf00000-7f2badf01000 rw-p 00000000 00:00 0 
7ffcd25a9000-7ffcd25cb000 rw-p 00000000 00:00 0                          [stack]
7ffcd25f0000-7ffcd25f3000 r--p 00000000 00:00 0                          [vvar]
7ffcd25f3000-7ffcd25f5000 r-xp 00000000 00:00 0                          [vdso]
ffffffffff600000-ffffffffff601000 r-xp 00000000 00:00 0                  [vsyscall]

VM Arguments:
jvm_args: -javaagent:/usr/local/android-studio/lib/idea_rt.jar=34863:/usr/local/android-studio/bin -Dfile.encoding=UTF-8 
java_command: com.example.classroomlibrary.Import
java_class_path (initial): /home/caleb/Android/Sdk/platforms/android-28/android.jar:/home/caleb/Android/Sdk/platforms/android-28/data/res:/home/caleb/Documents/Personal Projects/ClassroomLibrary/app/build/intermediates/javac/debug/compileDebugJavaWithJavac/classes:/home/caleb/Documents/Personal Projects/ClassroomLibrary/app/build/generated/res/rs/debug:/home/caleb/Documents/Personal Projects/ClassroomLibrary/app/build/generated/res/resValues/debug:/home/caleb/.gradle/caches/transforms-1/files-1.1/support-fragment-28.0.0.aar/b82dd205e835e5d9d3ce8ee84caa458c/jars/classes.jar:/home/caleb/.gradle/caches/transforms-1/files-1.1/localbroadcastmanager-28.0.0.aar/0e0b7c4a47b16a1636a13a19230eec43/jars/classes.jar:/home/caleb/.gradle/caches/transforms-1/files-1.1/documentfile-28.0.0.aar/7829d3f0074a488b0c8171f5b9d94386/jars/classes.jar:/home/caleb/.gradle/caches/transforms-1/files-1.1/animated-vector-drawable-28.0.0.aar/2d9c23188f108fad2b2950eda901a17f/jars/classes.jar:/home/caleb/.gradle/caches/transforms-1/files-1.1/slidingpanelayout-28.0.0.aar/6e371dc650c5d71fee3727bdf161b09c/jars/classes.jar:/home/caleb/.gradle/caches/transforms-1/files-1.1/viewmodel-1.1.1.aar/673ca93de3f29695e5dc32ac50220681/jars/classes.jar:/home/caleb/.gradle/caches/transforms-1/files-1.1/appcompat-v7-28.0.0.aar/fb39bd2e58178b3946d3c2b2271deae7/res:/home/caleb/.gradle/caches/transforms-1/files-1.1/appcompat-v7-28.0.0.aar/fb39bd2e58178b3946d3c2b2271deae7/jars/classes.jar:/home/caleb/.gradle/caches/transforms-1/files-1.1/loader-28.0.0.aar/895a39b7b118bf7ce2b47e5a90e16c7f/jars/classes.jar:/home/caleb/.gradle/caches/transforms-1/files-1.1/runtime-1.1.1.aar/d2117b332e72a2b1139041ef0974ef30/jars/classes.jar:/home/caleb/.gradle/caches/transforms-1/files-1.1/livedata-core-1.1.1.aar/352629bbc9b6101f02b44672a0528777/jars/classes.jar:/home/caleb/.gradle/caches/modules-2/files-2.1/com.android.support/collections/28.0.0/c1bcdade4d3cc2836130424a3f3e4182c666a745/collections-28.0.0.jar:/home/caleb/.gradle/caches/tran
Launcher Type: SUN_STANDARD

Environment Variables:
PATH=/usr/local/sbin:/usr/local/bin:/usr/sbin:/usr/bin:/sbin:/bin:/usr/games:/usr/local/games
SHELL=/bin/bash
DISPLAY=:0.0

Signal Handlers:
SIGSEGV: [libjvm.so+0xa71660], sa_mask[0]=11111111011111111101111111111110, sa_flags=SA_RESTART|SA_SIGINFO
SIGBUS: [libjvm.so+0xa71660], sa_mask[0]=11111111011111111101111111111110, sa_flags=SA_RESTART|SA_SIGINFO
SIGFPE: [libjvm.so+0x8b1770], sa_mask[0]=11111111011111111101111111111110, sa_flags=SA_RESTART|SA_SIGINFO
SIGPIPE: [libjvm.so+0x8b1770], sa_mask[0]=11111111011111111101111111111110, sa_flags=SA_RESTART|SA_SIGINFO
SIGXFSZ: [libjvm.so+0x8b1770], sa_mask[0]=11111111011111111101111111111110, sa_flags=SA_RESTART|SA_SIGINFO
SIGILL: [libjvm.so+0x8b1770], sa_mask[0]=11111111011111111101111111111110, sa_flags=SA_RESTART|SA_SIGINFO
SIGUSR1: SIG_DFL, sa_mask[0]=00000000000000000000000000000000, sa_flags=none
SIGUSR2: [libjvm.so+0x8b1640], sa_mask[0]=00100000000000000000000000000000, sa_flags=SA_RESTART|SA_SIGINFO
SIGHUP: [libjvm.so+0x8b1aa0], sa_mask[0]=11111111011111111101111111111110, sa_flags=SA_RESTART|SA_SIGINFO
SIGINT: [libjvm.so+0x8b1aa0], sa_mask[0]=11111111011111111101111111111110, sa_flags=SA_RESTART|SA_SIGINFO
SIGTERM: [libjvm.so+0x8b1aa0], sa_mask[0]=11111111011111111101111111111110, sa_flags=SA_RESTART|SA_SIGINFO
SIGQUIT: [libjvm.so+0x8b1aa0], sa_mask[0]=11111111011111111101111111111110, sa_flags=SA_RESTART|SA_SIGINFO


---------------  S Y S T E M  ---------------

OS:DISTRIB_ID=LinuxMint
DISTRIB_RELEASE=19
DISTRIB_CODENAME=tara
DISTRIB_DESCRIPTION="Linux Mint 19 Tara"

uname:Linux 4.15.0-20-generic #21-Ubuntu SMP Tue Apr 24 06:16:15 UTC 2018 x86_64
libc:glibc 2.27 NPTL 2.27 
rlimit: STACK 8192k, CORE 0k, NPROC 31001, NOFILE 1048576, AS infinity
load average:1.11 0.90 0.99

/proc/meminfo:
MemTotal:        8095216 kB
MemFree:          135288 kB
MemAvailable:     134540 kB
Buffers:           21744 kB
Cached:           712976 kB
SwapCached:            0 kB
Active:          6996004 kB
Inactive:         644208 kB
Active(anon):    6907664 kB
Inactive(anon):   542276 kB
Active(file):      88340 kB
Inactive(file):   101932 kB
Unevictable:        1048 kB
Mlocked:            1048 kB
SwapTotal:             0 kB
SwapFree:              0 kB
Dirty:               324 kB
Writeback:             0 kB
AnonPages:       6906912 kB
Mapped:           300336 kB
Shmem:            544080 kB
Slab:             153072 kB
SReclaimable:      66700 kB
SUnreclaim:        86372 kB
KernelStack:       13760 kB
PageTables:        72632 kB
NFS_Unstable:          0 kB
Bounce:                0 kB
WritebackTmp:          0 kB
CommitLimit:     4047608 kB
Committed_AS:   14714940 kB
VmallocTotal:   34359738367 kB
VmallocUsed:           0 kB
VmallocChunk:          0 kB
HardwareCorrupted:     0 kB
AnonHugePages:         0 kB
ShmemHugePages:        0 kB
ShmemPmdMapped:        0 kB
CmaTotal:              0 kB
CmaFree:               0 kB
HugePages_Total:       0
HugePages_Free:        0
HugePages_Rsvd:        0
HugePages_Surp:        0
Hugepagesize:       2048 kB
DirectMap4k:      287408 kB
DirectMap2M:     6979584 kB
DirectMap1G:     1048576 kB


CPU:total 4 (initial active 4) (2 cores per cpu, 2 threads per core) family 6 model 158 stepping 9, cmov, cx8, fxsr, mmx, sse, sse2, sse3, ssse3, sse4.1, sse4.2, popcnt, aes, clmul, erms, 3dnowpref, lzcnt, ht, tsc, tscinvbit

/proc/cpuinfo:
processor	: 0
vendor_id	: GenuineIntel
cpu family	: 6
model		: 158
model name	: Intel(R) Pentium(R) CPU G4600 @ 3.60GHz
stepping	: 9
microcode	: 0x5e
cpu MHz		: 3124.172
cache size	: 3072 KB
physical id	: 0
siblings	: 4
core id		: 0
cpu cores	: 2
apicid		: 0
initial apicid	: 0
fpu		: yes
fpu_exception	: yes
cpuid level	: 22
wp		: yes
flags		: fpu vme de pse tsc msr pae mce cx8 apic sep mtrr pge mca cmov pat pse36 clflush dts acpi mmx fxsr sse sse2 ss ht tm pbe syscall nx pdpe1gb rdtscp lm constant_tsc art arch_perfmon pebs bts rep_good nopl xtopology nonstop_tsc cpuid aperfmperf tsc_known_freq pni pclmulqdq dtes64 monitor ds_cpl vmx est tm2 ssse3 sdbg cx16 xtpr pdcm pcid sse4_1 sse4_2 x2apic movbe popcnt tsc_deadline_timer aes xsave rdrand lahf_lm abm 3dnowprefetch cpuid_fault invpcid_single pti tpr_shadow vnmi flexpriority ept vpid fsgsbase tsc_adjust smep erms invpcid mpx rdseed smap clflushopt intel_pt xsaveopt xsavec xgetbv1 xsaves dtherm arat pln pts hwp hwp_notify hwp_act_window hwp_epp
bugs		: cpu_meltdown spectre_v1 spectre_v2
bogomips	: 7200.00
clflush size	: 64
cache_alignment	: 64
address sizes	: 39 bits physical, 48 bits virtual
power management:

processor	: 1
vendor_id	: GenuineIntel
cpu family	: 6
model		: 158
model name	: Intel(R) Pentium(R) CPU G4600 @ 3.60GHz
stepping	: 9
microcode	: 0x5e
cpu MHz		: 3129.581
cache size	: 3072 KB
physical id	: 0
siblings	: 4
core id		: 1
cpu cores	: 2
apicid		: 2
initial apicid	: 2
fpu		: yes
fpu_exception	: yes
cpuid level	: 22
wp		: yes
flags		: fpu vme de pse tsc msr pae mce cx8 apic sep mtrr pge mca cmov pat pse36 clflush dts acpi mmx fxsr sse sse2 ss ht tm pbe syscall nx pdpe1gb rdtscp lm constant_tsc art arch_perfmon pebs bts rep_good nopl xtopology nonstop_tsc cpuid aperfmperf tsc_known_freq pni pclmulqdq dtes64 monitor ds_cpl vmx est tm2 ssse3 sdbg cx16 xtpr pdcm pcid sse4_1 sse4_2 x2apic movbe popcnt tsc_deadline_timer aes xsave rdrand lahf_lm abm 3dnowprefetch cpuid_fault invpcid_single pti tpr_shadow vnmi flexpriority ept vpid fsgsbase tsc_adjust smep erms invpcid mpx rdseed smap clflushopt intel_pt xsaveopt xsavec xgetbv1 xsaves dtherm arat pln pts hwp hwp_notify hwp_act_window hwp_epp
bugs		: cpu_meltdown spectre_v1 spectre_v2
bogomips	: 7200.00
clflush size	: 64
cache_alignment	: 64
address sizes	: 39 bits physical, 48 bits virtual
power management:

processor	: 2
vendor_id	: GenuineIntel
cpu family	: 6
model		: 158
model name	: Intel(R) Pentium(R) CPU G4600 @ 3.60GHz
stepping	: 9
microcode	: 0x5e
cpu MHz		: 2940.766
cache size	: 3072 KB
physical id	: 0
siblings	: 4
core id		: 0
cpu cores	: 2
apicid		: 1
initial apicid	: 1
fpu		: yes
fpu_exception	: yes
cpuid level	: 22
wp		: yes
flags		: fpu vme de pse tsc msr pae mce cx8 apic sep mtrr pge mca cmov pat pse36 clflush dts acpi mmx fxsr sse sse2 ss ht tm pbe syscall nx pdpe1gb rdtscp lm constant_tsc art arch_perfmon pebs bts rep_good nopl xtopology nonstop_tsc cpuid aperfmperf tsc_known_freq pni pclmulqdq dtes64 monitor ds_cpl vmx est tm2 ssse3 sdbg cx16 xtpr pdcm pcid sse4_1 sse4_2 x2apic movbe popcnt tsc_deadline_timer aes xsave rdrand lahf_lm abm 3dnowprefetch cpuid_fault invpcid_single pti tpr_shadow vnmi flexpriority ept vpid fsgsbase tsc_adjust smep erms invpcid mpx rdseed smap clflushopt intel_pt xsaveopt xsavec xgetbv1 xsaves dtherm arat pln pts hwp hwp_notify hwp_act_window hwp_epp
bugs		: cpu_meltdown spectre_v1 spectre_v2
bogomips	: 7200.00
clflush size	: 64
cache_alignment	: 64
address sizes	: 39 bits physical, 48 bits virtual
power management:

processor	: 3
vendor_id	: GenuineIntel
cpu family	: 6
model		: 158
model name	: Intel(R) Pentium(R) CPU G4600 @ 3.60GHz
stepping	: 9
microcode	: 0x5e
cpu MHz		: 3189.449
cache size	: 3072 KB
physical id	: 0
siblings	: 4
core id		: 1
cpu cores	: 2
apicid		: 3
initial apicid	: 3
fpu		: yes
fpu_exception	: yes
cpuid level	: 22
wp		: yes
flags		: fpu vme de pse tsc msr pae mce cx8 apic sep mtrr pge mca cmov pat pse36 clflush dts acpi mmx fxsr sse sse2 ss ht tm pbe syscall nx pdpe1gb rdtscp lm constant_tsc art arch_perfmon pebs bts rep_good nopl xtopology nonstop_tsc cpuid aperfmperf tsc_known_freq pni pclmulqdq dtes64 monitor ds_cpl vmx est tm2 ssse3 sdbg cx16 xtpr pdcm pcid sse4_1 sse4_2 x2apic movbe popcnt tsc_deadline_timer aes xsave rdrand lahf_lm abm 3dnowprefetch cpuid_fault invpcid_single pti tpr_shadow vnmi flexpriority ept vpid fsgsbase tsc_adjust smep erms invpcid mpx rdseed smap clflushopt intel_pt xsaveopt xsavec xgetbv1 xsaves dtherm arat pln pts hwp hwp_notify hwp_act_window hwp_epp
bugs		: cpu_meltdown spectre_v1 spectre_v2
bogomips	: 7200.00
clflush size	: 64
cache_alignment	: 64
address sizes	: 39 bits physical, 48 bits virtual
power management:



Memory: 4k page, physical 8095216k(143572k free), swap 0k(0k free)

vm_info: OpenJDK 64-Bit Server VM (25.152-b01) for linux-amd64 JRE (1.8.0_152-release-1248-b01), built by "builder" with gcc 7.3.0

time: Wed Jul 10 16:04:07 2019
elapsed time: 4 seconds (0d 0h 0m 4s)

