#
# There is insufficient memory for the Java Runtime Environment to continue.
# Native memory allocation (mmap) failed to map 325058560 bytes for committing reserved memory.
# Possible reasons:
#   The system is out of physical RAM or swap space
#   In 32 bit mode, the process size limit was hit
# Possible solutions:
#   Reduce memory load on the system
#   Increase physical memory or swap space
#   Check if swap backing store is full
#   Use 64 bit Java on a 64 bit OS
#   Decrease Java heap size (-Xmx/-Xms)
#   Decrease number of Java threads
#   Decrease Java thread stack sizes (-Xss)
#   Set larger code cache with -XX:ReservedCodeCacheSize=
# This output file may be truncated or incomplete.
#
#  Out of Memory Error (os_linux.cpp:2640), pid=23037, tid=0x00007f528f2f2700
#
# JRE version: OpenJDK Runtime Environment (8.0_152-b01) (build 1.8.0_152-release-1248-b01)
# Java VM: OpenJDK 64-Bit Server VM (25.152-b01 mixed mode linux-amd64 compressed oops)
# Failed to write core dump. Core dumps have been disabled. To enable core dumping, try "ulimit -c unlimited" before starting Java again
#

---------------  T H R E A D  ---------------

Current thread (0x00007f52ac143000):  VMThread [stack: 0x00007f528f1f3000,0x00007f528f2f3000] [id=23046]

Stack: [0x00007f528f1f3000,0x00007f528f2f3000],  sp=0x00007f528f2f14f0,  free space=1017k
Native frames: (J=compiled Java code, j=interpreted, Vv=VM code, C=native code)
V  [libjvm.so+0xa70d2f]  VMError::report_and_die()+0x2af
V  [libjvm.so+0x4c7207]  report_vm_out_of_memory(char const*, int, unsigned long, VMErrorType, char const*)+0x67
V  [libjvm.so+0x8b5b60]  os::pd_commit_memory(char*, unsigned long, unsigned long, bool)+0x100
V  [libjvm.so+0x8b077f]  os::commit_memory(char*, unsigned long, unsigned long, bool)+0x1f
V  [libjvm.so+0x92e436]  PSVirtualSpace::expand_by(unsigned long)+0x56
V  [libjvm.so+0x91d7db]  PSOldGen::expand_by(unsigned long) [clone .part.28]+0x1b
V  [libjvm.so+0x91d998]  PSOldGen::expand(unsigned long) [clone .part.29]+0xa8
V  [libjvm.so+0x91e541]  PSOldGen::resize(unsigned long)+0xe1
V  [libjvm.so+0x9245f6]  PSParallelCompact::invoke_no_policy(bool) [clone .part.118]+0x9e6
V  [libjvm.so+0x92c3c5]  PSScavenge::invoke()+0x215
V  [libjvm.so+0x8dbd98]  ParallelScavengeHeap::failed_mem_allocate(unsigned long)+0x68
V  [libjvm.so+0xa72863]  VM_ParallelGCFailedAllocation::doit()+0x93
V  [libjvm.so+0xa77896]  VM_Operation::evaluate()+0x46
V  [libjvm.so+0xa750f2]  VMThread::evaluate_operation(VM_Operation*) [clone .constprop.31]+0xa2
V  [libjvm.so+0xa7651b]  VMThread::loop()+0x37b
V  [libjvm.so+0xa768c8]  VMThread::run()+0x78
V  [libjvm.so+0x8b3322]  java_start(Thread*)+0x102

VM_Operation (0x00007f52b3f42780): ParallelGCFailedAllocation, mode: safepoint, requested by thread 0x00007f52ac00e800


---------------  P R O C E S S  ---------------

Java Threads: ( => current thread )
  0x00007f52ac23b000 JavaThread "Service Thread" daemon [_thread_blocked, id=23054, stack(0x00007f528e3d4000,0x00007f528e4d5000)]
  0x00007f52ac236000 JavaThread "C1 CompilerThread2" daemon [_thread_blocked, id=23053, stack(0x00007f528e4d6000,0x00007f528e5d6000)]
  0x00007f52ac233800 JavaThread "C2 CompilerThread1" daemon [_thread_blocked, id=23052, stack(0x00007f528e5d7000,0x00007f528e6d7000)]
  0x00007f52ac231800 JavaThread "C2 CompilerThread0" daemon [_thread_blocked, id=23051, stack(0x00007f528e8ef000,0x00007f528e9ef000)]
  0x00007f52ac230000 JavaThread "Monitor Ctrl-Break" daemon [_thread_in_native, id=23050, stack(0x00007f528e9ef000,0x00007f528eaf0000)]
  0x00007f52ac182800 JavaThread "Signal Dispatcher" daemon [_thread_blocked, id=23049, stack(0x00007f528ec11000,0x00007f528ed12000)]
  0x00007f52ac14f800 JavaThread "Finalizer" daemon [_thread_blocked, id=23048, stack(0x00007f528eff0000,0x00007f528f0f1000)]
  0x00007f52ac14b000 JavaThread "Reference Handler" daemon [_thread_blocked, id=23047, stack(0x00007f528f0f1000,0x00007f528f1f2000)]
  0x00007f52ac00e800 JavaThread "main" [_thread_blocked, id=23039, stack(0x00007f52b3e44000,0x00007f52b3f44000)]

Other Threads:
=>0x00007f52ac143000 VMThread [stack: 0x00007f528f1f3000,0x00007f528f2f3000] [id=23046]
  0x00007f52ac23d800 WatcherThread [stack: 0x00007f528e2d4000,0x00007f528e3d4000] [id=23055]

VM state:at safepoint (normal execution)

VM Mutex/Monitor currently owned by a thread:  ([mutex/lock_event])
[0x00007f52ac00a860] ExpandHeap_lock - owner thread: 0x00007f52ac143000
[0x00007f52ac00aee0] Threads_lock - owner thread: 0x00007f52ac143000
[0x00007f52ac00b3e0] Heap_lock - owner thread: 0x00007f52ac00e800

Heap:
 PSYoungGen      total 425472K, used 0K [0x00000000d6d00000, 0x0000000100000000, 0x0000000100000000)
  eden space 200704K, 0% used [0x00000000d6d00000,0x00000000d6d00000,0x00000000e3100000)
  from space 224768K, 0% used [0x00000000e3100000,0x00000000e3100000,0x00000000f0c80000)
  to   space 224768K, 0% used [0x00000000f2480000,0x00000000f2480000,0x0000000100000000)
 ParOldGen       total 723968K, used 700079K [0x0000000084600000, 0x00000000b0900000, 0x00000000d6d00000)
  object space 723968K, 96% used [0x0000000084600000,0x00000000af1abd88,0x00000000b0900000)
 Metaspace       used 3332K, capacity 4564K, committed 4864K, reserved 1056768K
  class space    used 354K, capacity 388K, committed 512K, reserved 1048576K

Card table byte_map: [0x00007f52b05c8000,0x00007f52b09a6000] byte_map_base: 0x00007f52b01a5000

Marking Bits: (ParMarkBitMap*) 0x00007f52b32f2160
 Begin Bits: [0x00007f5294230000, 0x00007f5296118000)
 End Bits:   [0x00007f5296118000, 0x00007f5298000000)

Polling page: 0x00007f52b3f61000

CodeCache: size=245760Kb used=1285Kb max_used=1299Kb free=244474Kb
 bounds [0x00007f529d000000, 0x00007f529d270000, 0x00007f52ac000000]
 total_blobs=311 nmethods=60 adapters=168
 compilation: enabled

Compilation events (10 events):
Event: 0.267 Thread 0x00007f52ac231800 nmethod 55 0x00007f529d12cad0 code [0x00007f529d12cc60, 0x00007f529d12cec8]
Event: 0.274 Thread 0x00007f52ac233800 nmethod 56 0x00007f529d131fd0 code [0x00007f529d132180, 0x00007f529d1328b8]
Event: 0.274 Thread 0x00007f52ac231800   57       4       sun.misc.FloatingDecimal$ASCIIToBinaryBuffer::doubleValue (1194 bytes)
Event: 0.276 Thread 0x00007f52ac231800 nmethod 57 0x00007f529d131a10 code [0x00007f529d131b60, 0x00007f529d131cf8]
Event: 0.361 Thread 0x00007f52ac236000   58 %     3       com.example.classroomlibrary.Import::main @ 193 (356 bytes)
Event: 0.363 Thread 0x00007f52ac236000 nmethod 58% 0x00007f529d135050 code [0x00007f529d135600, 0x00007f529d139248]
Event: 0.363 Thread 0x00007f52ac236000   59       3       com.example.classroomlibrary.Import::main (356 bytes)
Event: 0.366 Thread 0x00007f52ac236000 nmethod 59 0x00007f529d13aed0 code [0x00007f529d13b6a0, 0x00007f529d1403d8]
Event: 0.382 Thread 0x00007f52ac233800   60 %     4       com.example.classroomlibrary.Import::main @ 193 (356 bytes)
Event: 0.425 Thread 0x00007f52ac233800 nmethod 60% 0x00007f529d146150 code [0x00007f529d1463c0, 0x00007f529d147070]

GC Heap History (10 events):
Event: 5.437 GC heap after
Heap after GC invocations=13 (full 3):
 PSYoungGen      total 339968K, used 125143K [0x00000000d6d00000, 0x00000000f7c80000, 0x0000000100000000)
  eden space 155648K, 0% used [0x00000000d6d00000,0x00000000d6d00000,0x00000000e0500000)
  from space 184320K, 67% used [0x00000000ec080000,0x00000000f3ab5c60,0x00000000f7480000)
  to   space 192000K, 0% used [0x00000000e0500000,0x00000000e0500000,0x00000000ec080000)
 ParOldGen       total 461312K, used 337402K [0x0000000084600000, 0x00000000a0880000, 0x00000000d6d00000)
  object space 461312K, 73% used [0x0000000084600000,0x0000000098f7eab0,0x00000000a0880000)
 Metaspace       used 3332K, capacity 4564K, committed 4864K, reserved 1056768K
  class space    used 354K, capacity 388K, committed 512K, reserved 1048576K
}
Event: 5.530 GC heap before
{Heap before GC invocations=14 (full 3):
 PSYoungGen      total 339968K, used 280791K [0x00000000d6d00000, 0x00000000f7c80000, 0x0000000100000000)
  eden space 155648K, 100% used [0x00000000d6d00000,0x00000000e0500000,0x00000000e0500000)
  from space 184320K, 67% used [0x00000000ec080000,0x00000000f3ab5c60,0x00000000f7480000)
  to   space 192000K, 0% used [0x00000000e0500000,0x00000000e0500000,0x00000000ec080000)
 ParOldGen       total 461312K, used 337402K [0x0000000084600000, 0x00000000a0880000, 0x00000000d6d00000)
  object space 461312K, 73% used [0x0000000084600000,0x0000000098f7eab0,0x00000000a0880000)
 Metaspace       used 3332K, capacity 4564K, committed 4864K, reserved 1056768K
  class space    used 354K, capacity 388K, committed 512K, reserved 1048576K
Event: 5.678 GC heap after
Heap after GC invocations=14 (full 3):
 PSYoungGen      total 347648K, used 191991K [0x00000000d6d00000, 0x00000000fe800000, 0x0000000100000000)
  eden space 155648K, 0% used [0x00000000d6d00000,0x00000000d6d00000,0x00000000e0500000)
  from space 192000K, 99% used [0x00000000e0500000,0x00000000ec07dc60,0x00000000ec080000)
  to   space 224768K, 0% used [0x00000000f0c80000,0x00000000f0c80000,0x00000000fe800000)
 ParOldGen       total 461312K, used 353786K [0x0000000084600000, 0x00000000a0880000, 0x00000000d6d00000)
  object space 461312K, 76% used [0x0000000084600000,0x0000000099f7eab0,0x00000000a0880000)
 Metaspace       used 3332K, capacity 4564K, committed 4864K, reserved 1056768K
  class space    used 354K, capacity 388K, committed 512K, reserved 1048576K
}
Event: 5.808 GC heap before
{Heap before GC invocations=15 (full 3):
 PSYoungGen      total 347648K, used 347639K [0x00000000d6d00000, 0x00000000fe800000, 0x0000000100000000)
  eden space 155648K, 100% used [0x00000000d6d00000,0x00000000e0500000,0x00000000e0500000)
  from space 192000K, 99% used [0x00000000e0500000,0x00000000ec07dc60,0x00000000ec080000)
  to   space 224768K, 0% used [0x00000000f0c80000,0x00000000f0c80000,0x00000000fe800000)
 ParOldGen       total 461312K, used 353786K [0x0000000084600000, 0x00000000a0880000, 0x00000000d6d00000)
  object space 461312K, 76% used [0x0000000084600000,0x0000000099f7eab0,0x00000000a0880000)
 Metaspace       used 3332K, capacity 4564K, committed 4864K, reserved 1056768K
  class space    used 354K, capacity 388K, committed 512K, reserved 1048576K
Event: 6.067 GC heap after
Heap after GC invocations=15 (full 3):
 PSYoungGen      total 425472K, used 166432K [0x00000000d6d00000, 0x00000000fec80000, 0x0000000100000000)
  eden space 200704K, 0% used [0x00000000d6d00000,0x00000000d6d00000,0x00000000e3100000)
  from space 224768K, 74% used [0x00000000f0c80000,0x00000000faf08000,0x00000000fe800000)
  to   space 224768K, 0% used [0x00000000e3100000,0x00000000e3100000,0x00000000f0c80000)
 ParOldGen       total 464896K, used 463049K [0x0000000084600000, 0x00000000a0c00000, 0x00000000d6d00000)
  object space 464896K, 99% used [0x0000000084600000,0x00000000a0a32710,0x00000000a0c00000)
 Metaspace       used 3332K, capacity 4564K, committed 4864K, reserved 1056768K
  class space    used 354K, capacity 388K, committed 512K, reserved 1048576K
}
Event: 6.067 GC heap before
{Heap before GC invocations=16 (full 4):
 PSYoungGen      total 425472K, used 166432K [0x00000000d6d00000, 0x00000000fec80000, 0x0000000100000000)
  eden space 200704K, 0% used [0x00000000d6d00000,0x00000000d6d00000,0x00000000e3100000)
  from space 224768K, 74% used [0x00000000f0c80000,0x00000000faf08000,0x00000000fe800000)
  to   space 224768K, 0% used [0x00000000e3100000,0x00000000e3100000,0x00000000f0c80000)
 ParOldGen       total 464896K, used 463049K [0x0000000084600000, 0x00000000a0c00000, 0x00000000d6d00000)
  object space 464896K, 99% used [0x0000000084600000,0x00000000a0a32710,0x00000000a0c00000)
 Metaspace       used 3332K, capacity 4564K, committed 4864K, reserved 1056768K
  class space    used 354K, capacity 388K, committed 512K, reserved 1048576K
Event: 8.178 GC heap after
Heap after GC invocations=16 (full 4):
 PSYoungGen      total 425472K, used 139450K [0x00000000d6d00000, 0x00000000fec80000, 0x0000000100000000)
  eden space 200704K, 0% used [0x00000000d6d00000,0x00000000d6d00000,0x00000000e3100000)
  from space 224768K, 62% used [0x00000000f0c80000,0x00000000f94aea40,0x00000000fe800000)
  to   space 224768K, 0% used [0x00000000e3100000,0x00000000e3100000,0x00000000f0c80000)
 ParOldGen       total 723968K, used 464403K [0x0000000084600000, 0x00000000b0900000, 0x00000000d6d00000)
  object space 723968K, 64% used [0x0000000084600000,0x00000000a0b84ea0,0x00000000b0900000)
 Metaspace       used 3332K, capacity 4564K, committed 4864K, reserved 1056768K
  class space    used 354K, capacity 388K, committed 512K, reserved 1048576K
}
Event: 8.324 GC heap before
{Heap before GC invocations=17 (full 4):
 PSYoungGen      total 425472K, used 340154K [0x00000000d6d00000, 0x00000000fec80000, 0x0000000100000000)
  eden space 200704K, 100% used [0x00000000d6d00000,0x00000000e3100000,0x00000000e3100000)
  from space 224768K, 62% used [0x00000000f0c80000,0x00000000f94aea40,0x00000000fe800000)
  to   space 224768K, 0% used [0x00000000e3100000,0x00000000e3100000,0x00000000f0c80000)
 ParOldGen       total 723968K, used 464403K [0x0000000084600000, 0x00000000b0900000, 0x00000000d6d00000)
  object space 723968K, 64% used [0x0000000084600000,0x00000000a0b84ea0,0x00000000b0900000)
 Metaspace       used 3332K, capacity 4564K, committed 4864K, reserved 1056768K
  class space    used 354K, capacity 388K, committed 512K, reserved 1048576K
Event: 8.650 GC heap after
Heap after GC invocations=17 (full 4):
 PSYoungGen      total 425472K, used 132482K [0x00000000d6d00000, 0x0000000100000000, 0x0000000100000000)
  eden space 200704K, 0% used [0x00000000d6d00000,0x00000000d6d00000,0x00000000e3100000)
  from space 224768K, 58% used [0x00000000e3100000,0x00000000eb260a88,0x00000000f0c80000)
  to   space 224768K, 0% used [0x00000000f2480000,0x00000000f2480000,0x0000000100000000)
 ParOldGen       total 723968K, used 604963K [0x0000000084600000, 0x00000000b0900000, 0x00000000d6d00000)
  object space 723968K, 83% used [0x0000000084600000,0x00000000a94c8ea0,0x00000000b0900000)
 Metaspace       used 3332K, capacity 4564K, committed 4864K, reserved 1056768K
  class space    used 354K, capacity 388K, committed 512K, reserved 1048576K
}
Event: 8.650 GC heap before
{Heap before GC invocations=18 (full 5):
 PSYoungGen      total 425472K, used 132482K [0x00000000d6d00000, 0x0000000100000000, 0x0000000100000000)
  eden space 200704K, 0% used [0x00000000d6d00000,0x00000000d6d00000,0x00000000e3100000)
  from space 224768K, 58% used [0x00000000e3100000,0x00000000eb260a88,0x00000000f0c80000)
  to   space 224768K, 0% used [0x00000000f2480000,0x00000000f2480000,0x0000000100000000)
 ParOldGen       total 723968K, used 604963K [0x0000000084600000, 0x00000000b0900000, 0x00000000d6d00000)
  object space 723968K, 83% used [0x0000000084600000,0x00000000a94c8ea0,0x00000000b0900000)
 Metaspace       used 3332K, capacity 4564K, committed 4864K, reserved 1056768K
  class space    used 354K, capacity 388K, committed 512K, reserved 1048576K

Deoptimization events (0 events):
No events

Classes redefined (0 events):
No events

Internal exceptions (2 events):
Event: 0.091 Thread 0x00007f52ac00e800 Exception <a 'java/lang/NoSuchMethodError': Method sun.misc.Unsafe.defineClass(Ljava/lang/String;[BII)Ljava/lang/Class; name or signature does not match> (0x00000000d6d07ca8) thrown at [/usr/local/google/home/ralucas/source/AOSP-openjdk-git/jdk8u/hotspot/
Event: 0.091 Thread 0x00007f52ac00e800 Exception <a 'java/lang/NoSuchMethodError': Method sun.misc.Unsafe.prefetchRead(Ljava/lang/Object;J)V name or signature does not match> (0x00000000d6d07f90) thrown at [/usr/local/google/home/ralucas/source/AOSP-openjdk-git/jdk8u/hotspot/src/share/vm/prims

Events (10 events):
Event: 3.433 Executing VM operation: ParallelGCFailedAllocation done
Event: 3.493 Executing VM operation: ParallelGCFailedAllocation
Event: 5.137 Executing VM operation: ParallelGCFailedAllocation done
Event: 5.185 Executing VM operation: ParallelGCFailedAllocation
Event: 5.437 Executing VM operation: ParallelGCFailedAllocation done
Event: 5.530 Executing VM operation: ParallelGCFailedAllocation
Event: 5.678 Executing VM operation: ParallelGCFailedAllocation done
Event: 5.808 Executing VM operation: ParallelGCFailedAllocation
Event: 8.178 Executing VM operation: ParallelGCFailedAllocation done
Event: 8.324 Executing VM operation: ParallelGCFailedAllocation


Dynamic libraries:
84600000-b0900000 rw-p 00000000 00:00 0 
c3f00000-d6d00000 ---p 00000000 00:00 0 
d6d00000-100000000 rw-p 00000000 00:00 0 
100000000-100080000 rw-p 00000000 00:00 0 
100080000-140000000 ---p 00000000 00:00 0 
56252e544000-56252e545000 r-xp 00000000 08:15 2510873                    /usr/local/android-studio/jre/bin/java
56252e744000-56252e745000 r--p 00000000 08:15 2510873                    /usr/local/android-studio/jre/bin/java
56252e745000-56252e746000 rw-p 00001000 08:15 2510873                    /usr/local/android-studio/jre/bin/java
56252febb000-56252fedc000 rw-p 00000000 00:00 0                          [heap]
7f5258000000-7f5258021000 rw-p 00000000 00:00 0 
7f5258021000-7f525c000000 ---p 00000000 00:00 0 
7f525c000000-7f525c021000 rw-p 00000000 00:00 0 
7f525c021000-7f5260000000 ---p 00000000 00:00 0 
7f5260000000-7f52600c5000 rw-p 00000000 00:00 0 
7f52600c5000-7f5264000000 ---p 00000000 00:00 0 
7f5264000000-7f5264129000 rw-p 00000000 00:00 0 
7f5264129000-7f5268000000 ---p 00000000 00:00 0 
7f5268000000-7f5268097000 rw-p 00000000 00:00 0 
7f5268097000-7f526c000000 ---p 00000000 00:00 0 
7f526cfff000-7f5270000000 rw-p 00000000 00:00 0 
7f5270000000-7f5270021000 rw-p 00000000 00:00 0 
7f5270021000-7f5274000000 ---p 00000000 00:00 0 
7f5274000000-7f5274021000 rw-p 00000000 00:00 0 
7f5274021000-7f5278000000 ---p 00000000 00:00 0 
7f5278000000-7f5278021000 rw-p 00000000 00:00 0 
7f5278021000-7f527c000000 ---p 00000000 00:00 0 
7f527c000000-7f527c021000 rw-p 00000000 00:00 0 
7f527c021000-7f5280000000 ---p 00000000 00:00 0 
7f5280000000-7f52802b5000 rw-p 00000000 00:00 0 
7f52802b5000-7f5284000000 ---p 00000000 00:00 0 
7f5284000000-7f5284021000 rw-p 00000000 00:00 0 
7f5284021000-7f5288000000 ---p 00000000 00:00 0 
7f5288000000-7f5288a74000 rw-p 00000000 00:00 0 
7f5288a74000-7f528c000000 ---p 00000000 00:00 0 
7f528e05d000-7f528e2d3000 rw-p 00000000 00:00 0 
7f528e2d3000-7f528e2d4000 ---p 00000000 00:00 0 
7f528e2d4000-7f528e3d4000 rw-p 00000000 00:00 0 
7f528e3d4000-7f528e3d7000 ---p 00000000 00:00 0 
7f528e3d7000-7f528e4d5000 rw-p 00000000 00:00 0 
7f528e4d5000-7f528e4d6000 ---p 00000000 00:00 0 
7f528e4d6000-7f528e4d9000 ---p 00000000 00:00 0 
7f528e4d9000-7f528e5d6000 rw-p 00000000 00:00 0 
7f528e5d6000-7f528e5d7000 ---p 00000000 00:00 0 
7f528e5d7000-7f528e5da000 ---p 00000000 00:00 0 
7f528e5da000-7f528e6d7000 rw-p 00000000 00:00 0 
7f528e6d7000-7f528e6ed000 r-xp 00000000 08:15 2510611                    /usr/local/android-studio/jre/jre/lib/amd64/libnet.so
7f528e6ed000-7f528e8ec000 ---p 00016000 08:15 2510611                    /usr/local/android-studio/jre/jre/lib/amd64/libnet.so
7f528e8ec000-7f528e8ed000 r--p 00015000 08:15 2510611                    /usr/local/android-studio/jre/jre/lib/amd64/libnet.so
7f528e8ed000-7f528e8ee000 rw-p 00016000 08:15 2510611                    /usr/local/android-studio/jre/jre/lib/amd64/libnet.so
7f528e8ee000-7f528e8ef000 ---p 00000000 00:00 0 
7f528e8ef000-7f528e8f2000 ---p 00000000 00:00 0 
7f528e8f2000-7f528e9ef000 rw-p 00000000 00:00 0 
7f528e9ef000-7f528e9f2000 ---p 00000000 00:00 0 
7f528e9f2000-7f528eaf0000 rw-p 00000000 00:00 0 
7f528eaf0000-7f528ec11000 r--s 02b7d000 00:33 2380330                    /home/caleb/Android/Sdk/platforms/android-28/android.jar
7f528ec11000-7f528ec14000 ---p 00000000 00:00 0 
7f528ec14000-7f528ed12000 rw-p 00000000 00:00 0 
7f528ed12000-7f528eff0000 r--p 00000000 08:15 2497175                    /usr/lib/locale/locale-archive
7f528eff0000-7f528eff3000 ---p 00000000 00:00 0 
7f528eff3000-7f528f0f1000 rw-p 00000000 00:00 0 
7f528f0f1000-7f528f0f4000 ---p 00000000 00:00 0 
7f528f0f4000-7f528f1f2000 rw-p 00000000 00:00 0 
7f528f1f2000-7f528f1f3000 ---p 00000000 00:00 0 
7f528f1f3000-7f5290000000 rw-p 00000000 00:00 0 
7f5290000000-7f5290e42000 rw-p 00000000 00:00 0 
7f5290e42000-7f5294000000 ---p 00000000 00:00 0 
7f529402e000-7f5298000000 rw-p 00000000 00:00 0 
7f5298000000-7f5298784000 rw-p 00000000 00:00 0 
7f5298784000-7f529c000000 ---p 00000000 00:00 0 
7f529c0db000-7f529c2ac000 r--s 03c88000 08:15 2510565                    /usr/local/android-studio/jre/jre/lib/rt.jar
7f529c2ac000-7f529c762000 rw-p 00000000 00:00 0 
7f529c762000-7f529cb22000 ---p 00000000 00:00 0 
7f529cb22000-7f529ceff000 rw-p 00000000 00:00 0 
7f529ceff000-7f529cf00000 ---p 00000000 00:00 0 
7f529cf00000-7f529d000000 rw-p 00000000 00:00 0 
7f529d000000-7f529d270000 rwxp 00000000 00:00 0 
7f529d270000-7f52ac000000 ---p 00000000 00:00 0 
7f52ac000000-7f52ac24b000 rw-p 00000000 00:00 0 
7f52ac24b000-7f52b0000000 ---p 00000000 00:00 0 
7f52b000b000-7f52b000d000 r--s 0001a000 08:15 2523189                    /usr/local/android-studio/lib/idea_rt.jar
7f52b000d000-7f52b000f000 r--s 0001c000 00:33 4343598                    /home/caleb/.gradle/caches/modules-2/files-2.1/com.android.support.constraint/constraint-layout-solver/1.1.3/bde0667d7414c16ed62d3cfe993cff7f9d732373/constraint-layout-solver-1.1.3.jar
7f52b000f000-7f52b0011000 r--s 00007000 00:33 4342918                    /home/caleb/.gradle/caches/transforms-1/files-1.1/swiperefreshlayout-28.0.0.aar/f6617bedfaf057390eefa5828b9cc39a/jars/classes.jar
7f52b0011000-7f52b0013000 r--s 00007000 00:33 4342885                    /home/caleb/.gradle/caches/transforms-1/files-1.1/customview-28.0.0.aar/2b8ebf8e9413b75dfc080882848dacf7/jars/classes.jar
7f52b0013000-7f52b0015000 r--s 00009000 00:33 3692644                    /home/caleb/.gradle/caches/transforms-1/files-1.1/coordinatorlayout-28.0.0.aar/2f878b95a50d65a65c2e824535e6090d/jars/classes.jar
7f52b0015000-7f52b0016000 r--s 00007000 00:33 3967791                    /home/caleb/.gradle/caches/transforms-1/files-1.1/drawerlayout-28.0.0.aar/cba18958e9b2a5a4804265747205c940/jars/classes.jar
7f52b0016000-7f52b0017000 r--s 00002000 00:33 1599671                    /home/caleb/.gradle/caches/transforms-1/files-1.1/livedata-1.1.1.aar/6e9314bdd2eef5e005c701d745a47d04/jars/classes.jar
7f52b0017000-7f52b0018000 r--s 00001000 00:33 1599695                    /home/caleb/.gradle/caches/transforms-1/files-1.1/interpolator-28.0.0.aar/bb29f533cd310b926cbe43c66cc00d6b/jars/classes.jar
7f52b0018000-7f52b001a000 r--s 00004000 00:33 4342860                    /home/caleb/.gradle/caches/modules-2/files-2.1/android.arch.lifecycle/common/1.1.1/207a6efae6a3555e326de41f76bdadd9a239cbce/common-1.1.1.jar
7f52b001a000-7f52b001c000 r--s 00005000 00:33 4342870                    /home/caleb/.gradle/caches/modules-2/files-2.1/com.android.support/support-annotations/28.0.0/ed73f5337a002d1fd24339d5fb08c2c9d9ca60d8/support-annotations-28.0.0.jar
7f52b001c000-7f52b001e000 r--s 00007000 00:33 3429102                    /home/caleb/.gradle/caches/transforms-1/files-1.1/support-vector-drawable-28.0.0.aar/c25238e94b7583e9bf024e2c88fd7853/jars/classes.jar
7f52b001e000-7f52b001f000 r--s 00000000 00:33 3293094                    /home/caleb/.gradle/caches/transforms-1/files-1.1/support-core-utils-28.0.0.aar/5b1a6b8a54caa12b21584dc93a660629/jars/classes.jar
7f52b001f000-7f52b0021000 r--s 0000c000 00:33 3967789                    /home/caleb/.gradle/caches/transforms-1/files-1.1/viewpager-28.0.0.aar/429aa637acc383d9e53365e67aeeff0c/jars/classes.jar
7f52b0021000-7f52b0022000 r--s 00006000 00:33 1599596                    /home/caleb/.gradle/caches/transforms-1/files-1.1/versionedparcelable-28.0.0.aar/d9344b879e68848effcbf8ce4778665a/jars/classes.jar
7f52b0022000-7f52b0023000 r--s 00002000 00:33 4342866                    /home/caleb/.gradle/caches/modules-2/files-2.1/android.arch.core/common/1.1.1/e55b70d1f5620db124b3e85a7f4bdc7bd48d9f95/common-1.1.1.jar
7f52b0023000-7f52b0025000 r--s 0000e000 00:33 3293069                    /home/caleb/.gradle/caches/transforms-1/files-1.1/constraint-layout-1.1.3.aar/2c7f63d38fbbedf62bc0f559a6d95ff1/jars/classes.jar
7f52b0025000-7f52b0031000 r--s 0008e000 00:33 4342910                    /home/caleb/.gradle/caches/transforms-1/files-1.1/support-compat-28.0.0.aar/feb0734162f9dac7aae18546a6357a42/jars/classes.jar
7f52b0031000-7f52b0032000 ---p 00000000 00:00 0 
7f52b0032000-7f52b0132000 rw-p 00000000 00:00 0 
7f52b0132000-7f52b0133000 ---p 00000000 00:00 0 
7f52b0133000-7f52b0233000 rw-p 00000000 00:00 0 
7f52b0233000-7f52b0234000 ---p 00000000 00:00 0 
7f52b0234000-7f52b0496000 rw-p 00000000 00:00 0 
7f52b0496000-7f52b05c8000 ---p 00000000 00:00 0 
7f52b05c8000-7f52b072a000 rw-p 00000000 00:00 0 
7f52b072a000-7f52b085b000 ---p 00000000 00:00 0 
7f52b085b000-7f52b09a5000 rw-p 00000000 00:00 0 
7f52b09a5000-7f52b09b0000 rw-p 00000000 00:00 0 
7f52b09b0000-7f52b0d66000 ---p 00000000 00:00 0 
7f52b0d66000-7f52b0d80000 r-xp 00000000 08:15 2510610                    /usr/local/android-studio/jre/jre/lib/amd64/libzip.so
7f52b0d80000-7f52b0f7f000 ---p 0001a000 08:15 2510610                    /usr/local/android-studio/jre/jre/lib/amd64/libzip.so
7f52b0f7f000-7f52b0f80000 r--p 00019000 08:15 2510610                    /usr/local/android-studio/jre/jre/lib/amd64/libzip.so
7f52b0f80000-7f52b0f81000 rw-p 0001a000 08:15 2510610                    /usr/local/android-studio/jre/jre/lib/amd64/libzip.so
7f52b0f81000-7f52b0f8c000 r-xp 00000000 08:15 529752                     /lib/x86_64-linux-gnu/libnss_files-2.27.so
7f52b0f8c000-7f52b118b000 ---p 0000b000 08:15 529752                     /lib/x86_64-linux-gnu/libnss_files-2.27.so
7f52b118b000-7f52b118c000 r--p 0000a000 08:15 529752                     /lib/x86_64-linux-gnu/libnss_files-2.27.so
7f52b118c000-7f52b118d000 rw-p 0000b000 08:15 529752                     /lib/x86_64-linux-gnu/libnss_files-2.27.so
7f52b118d000-7f52b1193000 rw-p 00000000 00:00 0 
7f52b1193000-7f52b11aa000 r-xp 00000000 08:15 529746                     /lib/x86_64-linux-gnu/libnsl-2.27.so
7f52b11aa000-7f52b13a9000 ---p 00017000 08:15 529746                     /lib/x86_64-linux-gnu/libnsl-2.27.so
7f52b13a9000-7f52b13aa000 r--p 00016000 08:15 529746                     /lib/x86_64-linux-gnu/libnsl-2.27.so
7f52b13aa000-7f52b13ab000 rw-p 00017000 08:15 529746                     /lib/x86_64-linux-gnu/libnsl-2.27.so
7f52b13ab000-7f52b13ad000 rw-p 00000000 00:00 0 
7f52b13ad000-7f52b13b8000 r-xp 00000000 08:15 529763                     /lib/x86_64-linux-gnu/libnss_nis-2.27.so
7f52b13b8000-7f52b15b7000 ---p 0000b000 08:15 529763                     /lib/x86_64-linux-gnu/libnss_nis-2.27.so
7f52b15b7000-7f52b15b8000 r--p 0000a000 08:15 529763                     /lib/x86_64-linux-gnu/libnss_nis-2.27.so
7f52b15b8000-7f52b15b9000 rw-p 0000b000 08:15 529763                     /lib/x86_64-linux-gnu/libnss_nis-2.27.so
7f52b15b9000-7f52b15c1000 r-xp 00000000 08:15 529748                     /lib/x86_64-linux-gnu/libnss_compat-2.27.so
7f52b15c1000-7f52b17c1000 ---p 00008000 08:15 529748                     /lib/x86_64-linux-gnu/libnss_compat-2.27.so
7f52b17c1000-7f52b17c2000 r--p 00008000 08:15 529748                     /lib/x86_64-linux-gnu/libnss_compat-2.27.so
7f52b17c2000-7f52b17c3000 rw-p 00009000 08:15 529748                     /lib/x86_64-linux-gnu/libnss_compat-2.27.so
7f52b17c3000-7f52b17cd000 r-xp 00000000 08:15 2510604                    /usr/local/android-studio/jre/jre/lib/amd64/libinstrument.so
7f52b17cd000-7f52b19cc000 ---p 0000a000 08:15 2510604                    /usr/local/android-studio/jre/jre/lib/amd64/libinstrument.so
7f52b19cc000-7f52b19cd000 r--p 00009000 08:15 2510604                    /usr/local/android-studio/jre/jre/lib/amd64/libinstrument.so
7f52b19cd000-7f52b19ce000 rw-p 0000a000 08:15 2510604                    /usr/local/android-studio/jre/jre/lib/amd64/libinstrument.so
7f52b19ce000-7f52b19fb000 r-xp 00000000 08:15 2510609                    /usr/local/android-studio/jre/jre/lib/amd64/libjava.so
7f52b19fb000-7f52b1bfa000 ---p 0002d000 08:15 2510609                    /usr/local/android-studio/jre/jre/lib/amd64/libjava.so
7f52b1bfa000-7f52b1bfb000 r--p 0002c000 08:15 2510609                    /usr/local/android-studio/jre/jre/lib/amd64/libjava.so
7f52b1bfb000-7f52b1bfd000 rw-p 0002d000 08:15 2510609                    /usr/local/android-studio/jre/jre/lib/amd64/libjava.so
7f52b1bfd000-7f52b1c0e000 r-xp 00000000 08:15 2510584                    /usr/local/android-studio/jre/jre/lib/amd64/libverify.so
7f52b1c0e000-7f52b1e0d000 ---p 00011000 08:15 2510584                    /usr/local/android-studio/jre/jre/lib/amd64/libverify.so
7f52b1e0d000-7f52b1e0f000 r--p 00010000 08:15 2510584                    /usr/local/android-studio/jre/jre/lib/amd64/libverify.so
7f52b1e0f000-7f52b1e10000 rw-p 00012000 08:15 2510584                    /usr/local/android-studio/jre/jre/lib/amd64/libverify.so
7f52b1e10000-7f52b1e17000 r-xp 00000000 08:15 529803                     /lib/x86_64-linux-gnu/librt-2.27.so
7f52b1e17000-7f52b2016000 ---p 00007000 08:15 529803                     /lib/x86_64-linux-gnu/librt-2.27.so
7f52b2016000-7f52b2017000 r--p 00006000 08:15 529803                     /lib/x86_64-linux-gnu/librt-2.27.so
7f52b2017000-7f52b2018000 rw-p 00007000 08:15 529803                     /lib/x86_64-linux-gnu/librt-2.27.so
7f52b2018000-7f52b21b5000 r-xp 00000000 08:15 529725                     /lib/x86_64-linux-gnu/libm-2.27.so
7f52b21b5000-7f52b23b4000 ---p 0019d000 08:15 529725                     /lib/x86_64-linux-gnu/libm-2.27.so
7f52b23b4000-7f52b23b5000 r--p 0019c000 08:15 529725                     /lib/x86_64-linux-gnu/libm-2.27.so
7f52b23b5000-7f52b23b6000 rw-p 0019d000 08:15 529725                     /lib/x86_64-linux-gnu/libm-2.27.so
7f52b23b6000-7f52b3022000 r-xp 00000000 08:15 2510577                    /usr/local/android-studio/jre/jre/lib/amd64/server/libjvm.so
7f52b3022000-7f52b3222000 ---p 00c6c000 08:15 2510577                    /usr/local/android-studio/jre/jre/lib/amd64/server/libjvm.so
7f52b3222000-7f52b32b6000 r--p 00c6c000 08:15 2510577                    /usr/local/android-studio/jre/jre/lib/amd64/server/libjvm.so
7f52b32b6000-7f52b32de000 rw-p 00d00000 08:15 2510577                    /usr/local/android-studio/jre/jre/lib/amd64/server/libjvm.so
7f52b32de000-7f52b330f000 rw-p 00000000 00:00 0 
7f52b330f000-7f52b34f6000 r-xp 00000000 08:15 529662                     /lib/x86_64-linux-gnu/libc-2.27.so
7f52b34f6000-7f52b36f6000 ---p 001e7000 08:15 529662                     /lib/x86_64-linux-gnu/libc-2.27.so
7f52b36f6000-7f52b36fa000 r--p 001e7000 08:15 529662                     /lib/x86_64-linux-gnu/libc-2.27.so
7f52b36fa000-7f52b36fc000 rw-p 001eb000 08:15 529662                     /lib/x86_64-linux-gnu/libc-2.27.so
7f52b36fc000-7f52b3700000 rw-p 00000000 00:00 0 
7f52b3700000-7f52b3703000 r-xp 00000000 08:15 529685                     /lib/x86_64-linux-gnu/libdl-2.27.so
7f52b3703000-7f52b3902000 ---p 00003000 08:15 529685                     /lib/x86_64-linux-gnu/libdl-2.27.so
7f52b3902000-7f52b3903000 r--p 00002000 08:15 529685                     /lib/x86_64-linux-gnu/libdl-2.27.so
7f52b3903000-7f52b3904000 rw-p 00003000 08:15 529685                     /lib/x86_64-linux-gnu/libdl-2.27.so
7f52b3904000-7f52b391a000 r-xp 00000000 08:15 2510687                    /usr/local/android-studio/jre/lib/amd64/jli/libjli.so
7f52b391a000-7f52b3b1a000 ---p 00016000 08:15 2510687                    /usr/local/android-studio/jre/lib/amd64/jli/libjli.so
7f52b3b1a000-7f52b3b1b000 r--p 00016000 08:15 2510687                    /usr/local/android-studio/jre/lib/amd64/jli/libjli.so
7f52b3b1b000-7f52b3b1c000 rw-p 00017000 08:15 2510687                    /usr/local/android-studio/jre/lib/amd64/jli/libjli.so
7f52b3b1c000-7f52b3b36000 r-xp 00000000 08:15 529795                     /lib/x86_64-linux-gnu/libpthread-2.27.so
7f52b3b36000-7f52b3d35000 ---p 0001a000 08:15 529795                     /lib/x86_64-linux-gnu/libpthread-2.27.so
7f52b3d35000-7f52b3d36000 r--p 00019000 08:15 529795                     /lib/x86_64-linux-gnu/libpthread-2.27.so
7f52b3d36000-7f52b3d37000 rw-p 0001a000 08:15 529795                     /lib/x86_64-linux-gnu/libpthread-2.27.so
7f52b3d37000-7f52b3d3b000 rw-p 00000000 00:00 0 
7f52b3d3b000-7f52b3d62000 r-xp 00000000 08:15 529634                     /lib/x86_64-linux-gnu/ld-2.27.so
7f52b3d62000-7f52b3d63000 r--s 00003000 00:33 1599642                    /home/caleb/.gradle/caches/transforms-1/files-1.1/print-28.0.0.aar/d3b68823f9ba2051ba80b8c934ac433a/jars/classes.jar
7f52b3d63000-7f52b3d64000 r--s 00001000 00:33 4342908                    /home/caleb/.gradle/caches/transforms-1/files-1.1/asynclayoutinflater-28.0.0.aar/ac77d1ed3bb99e03caf3d9d52e2d33b6/jars/classes.jar
7f52b3d64000-7f52b3d65000 r--s 00002000 00:33 3293080                    /home/caleb/.gradle/caches/transforms-1/files-1.1/support-core-ui-28.0.0.aar/0648fad4c49e7f8c7ad8843d26be060b/jars/classes.jar
7f52b3d65000-7f52b3d66000 r--s 00002000 00:33 1599606                    /home/caleb/.gradle/caches/transforms-1/files-1.1/runtime-1.1.1.aar/a9767a0550f198e83370895377ef13f3/jars/classes.jar
7f52b3d66000-7f52b3d68000 r--s 00009000 00:33 4342844                    /home/caleb/.gradle/caches/modules-2/files-2.1/com.android.support/collections/28.0.0/c1bcdade4d3cc2836130424a3f3e4182c666a745/collections-28.0.0.jar
7f52b3d68000-7f52b3d73000 r--s 000a6000 00:33 1599698                    /home/caleb/.gradle/caches/transforms-1/files-1.1/appcompat-v7-28.0.0.aar/fb39bd2e58178b3946d3c2b2271deae7/jars/classes.jar
7f52b3d73000-7f52b3e43000 rw-p 00000000 00:00 0 
7f52b3e43000-7f52b3e44000 ---p 00000000 00:00 0 
7f52b3e44000-7f52b3e47000 ---p 00000000 00:00 0 
7f52b3e47000-7f52b3f48000 rw-p 00000000 00:00 0 
7f52b3f48000-7f52b3f49000 r--s 00002000 00:33 1599600                    /home/caleb/.gradle/caches/transforms-1/files-1.1/cursoradapter-28.0.0.aar/89d6cb944154c8270e33179fc9784624/jars/classes.jar
7f52b3f49000-7f52b3f4b000 r--s 00001000 00:33 1599672                    /home/caleb/.gradle/caches/transforms-1/files-1.1/livedata-core-1.1.1.aar/352629bbc9b6101f02b44672a0528777/jars/classes.jar
7f52b3f4b000-7f52b3f4d000 r--s 00000000 00:33 1599674                    /home/caleb/.gradle/caches/transforms-1/files-1.1/runtime-1.1.1.aar/d2117b332e72a2b1139041ef0974ef30/jars/classes.jar
7f52b3f4d000-7f52b3f4f000 r--s 00007000 00:33 3560891                    /home/caleb/.gradle/caches/transforms-1/files-1.1/loader-28.0.0.aar/895a39b7b118bf7ce2b47e5a90e16c7f/jars/classes.jar
7f52b3f4f000-7f52b3f50000 r--s 00001000 00:33 1599645                    /home/caleb/.gradle/caches/transforms-1/files-1.1/viewmodel-1.1.1.aar/673ca93de3f29695e5dc32ac50220681/jars/classes.jar
7f52b3f50000-7f52b3f51000 r--s 00005000 00:33 4342882                    /home/caleb/.gradle/caches/transforms-1/files-1.1/slidingpanelayout-28.0.0.aar/6e371dc650c5d71fee3727bdf161b09c/jars/classes.jar
7f52b3f51000-7f52b3f53000 r--s 00007000 00:33 3293082                    /home/caleb/.gradle/caches/transforms-1/files-1.1/animated-vector-drawable-28.0.0.aar/2d9c23188f108fad2b2950eda901a17f/jars/classes.jar
7f52b3f53000-7f52b3f54000 r--s 00002000 00:33 1599617                    /home/caleb/.gradle/caches/transforms-1/files-1.1/documentfile-28.0.0.aar/7829d3f0074a488b0c8171f5b9d94386/jars/classes.jar
7f52b3f54000-7f52b3f55000 r--s 00001000 00:33 1599649                    /home/caleb/.gradle/caches/transforms-1/files-1.1/localbroadcastmanager-28.0.0.aar/0e0b7c4a47b16a1636a13a19230eec43/jars/classes.jar
7f52b3f55000-7f52b3f58000 r--s 00026000 00:33 3429105                    /home/caleb/.gradle/caches/transforms-1/files-1.1/support-fragment-28.0.0.aar/b82dd205e835e5d9d3ce8ee84caa458c/jars/classes.jar
7f52b3f58000-7f52b3f60000 rw-s 00000000 08:15 3957650                    /tmp/hsperfdata_caleb/23037
7f52b3f60000-7f52b3f61000 rw-p 00000000 00:00 0 
7f52b3f61000-7f52b3f62000 ---p 00000000 00:00 0 
7f52b3f62000-7f52b3f63000 r--p 00027000 08:15 529634                     /lib/x86_64-linux-gnu/ld-2.27.so
7f52b3f63000-7f52b3f64000 rw-p 00028000 08:15 529634                     /lib/x86_64-linux-gnu/ld-2.27.so
7f52b3f64000-7f52b3f65000 rw-p 00000000 00:00 0 
7ffe57879000-7ffe5789b000 rw-p 00000000 00:00 0                          [stack]
7ffe578c4000-7ffe578c7000 r--p 00000000 00:00 0                          [vvar]
7ffe578c7000-7ffe578c9000 r-xp 00000000 00:00 0                          [vdso]
ffffffffff600000-ffffffffff601000 r-xp 00000000 00:00 0                  [vsyscall]

VM Arguments:
jvm_args: -javaagent:/usr/local/android-studio/lib/idea_rt.jar=37645:/usr/local/android-studio/bin -Dfile.encoding=UTF-8 
java_command: com.example.classroomlibrary.Import
java_class_path (initial): /home/caleb/Android/Sdk/platforms/android-28/android.jar:/home/caleb/Android/Sdk/platforms/android-28/data/res:/home/caleb/Documents/Personal Projects/ClassroomLibrary/app/build/intermediates/javac/debug/compileDebugJavaWithJavac/classes:/home/caleb/Documents/Personal Projects/ClassroomLibrary/app/build/generated/res/rs/debug:/home/caleb/Documents/Personal Projects/ClassroomLibrary/app/build/generated/res/resValues/debug:/home/caleb/.gradle/caches/transforms-1/files-1.1/support-fragment-28.0.0.aar/b82dd205e835e5d9d3ce8ee84caa458c/jars/classes.jar:/home/caleb/.gradle/caches/transforms-1/files-1.1/localbroadcastmanager-28.0.0.aar/0e0b7c4a47b16a1636a13a19230eec43/jars/classes.jar:/home/caleb/.gradle/caches/transforms-1/files-1.1/documentfile-28.0.0.aar/7829d3f0074a488b0c8171f5b9d94386/jars/classes.jar:/home/caleb/.gradle/caches/transforms-1/files-1.1/animated-vector-drawable-28.0.0.aar/2d9c23188f108fad2b2950eda901a17f/jars/classes.jar:/home/caleb/.gradle/caches/transforms-1/files-1.1/slidingpanelayout-28.0.0.aar/6e371dc650c5d71fee3727bdf161b09c/jars/classes.jar:/home/caleb/.gradle/caches/transforms-1/files-1.1/viewmodel-1.1.1.aar/673ca93de3f29695e5dc32ac50220681/jars/classes.jar:/home/caleb/.gradle/caches/transforms-1/files-1.1/appcompat-v7-28.0.0.aar/fb39bd2e58178b3946d3c2b2271deae7/res:/home/caleb/.gradle/caches/transforms-1/files-1.1/appcompat-v7-28.0.0.aar/fb39bd2e58178b3946d3c2b2271deae7/jars/classes.jar:/home/caleb/.gradle/caches/transforms-1/files-1.1/loader-28.0.0.aar/895a39b7b118bf7ce2b47e5a90e16c7f/jars/classes.jar:/home/caleb/.gradle/caches/transforms-1/files-1.1/runtime-1.1.1.aar/d2117b332e72a2b1139041ef0974ef30/jars/classes.jar:/home/caleb/.gradle/caches/transforms-1/files-1.1/livedata-core-1.1.1.aar/352629bbc9b6101f02b44672a0528777/jars/classes.jar:/home/caleb/.gradle/caches/modules-2/files-2.1/com.android.support/collections/28.0.0/c1bcdade4d3cc2836130424a3f3e4182c666a745/collections-28.0.0.jar:/home/caleb/.gradle/caches/tran
Launcher Type: SUN_STANDARD

Environment Variables:
PATH=/usr/local/sbin:/usr/local/bin:/usr/sbin:/usr/bin:/sbin:/bin:/usr/games:/usr/local/games
SHELL=/bin/bash
DISPLAY=:0.0

Signal Handlers:
SIGSEGV: [libjvm.so+0xa71660], sa_mask[0]=11111111011111111101111111111110, sa_flags=SA_RESTART|SA_SIGINFO
SIGBUS: [libjvm.so+0xa71660], sa_mask[0]=11111111011111111101111111111110, sa_flags=SA_RESTART|SA_SIGINFO
SIGFPE: [libjvm.so+0x8b1770], sa_mask[0]=11111111011111111101111111111110, sa_flags=SA_RESTART|SA_SIGINFO
SIGPIPE: [libjvm.so+0x8b1770], sa_mask[0]=11111111011111111101111111111110, sa_flags=SA_RESTART|SA_SIGINFO
SIGXFSZ: [libjvm.so+0x8b1770], sa_mask[0]=11111111011111111101111111111110, sa_flags=SA_RESTART|SA_SIGINFO
SIGILL: [libjvm.so+0x8b1770], sa_mask[0]=11111111011111111101111111111110, sa_flags=SA_RESTART|SA_SIGINFO
SIGUSR1: SIG_DFL, sa_mask[0]=00000000000000000000000000000000, sa_flags=none
SIGUSR2: [libjvm.so+0x8b1640], sa_mask[0]=00100000000000000000000000000000, sa_flags=SA_RESTART|SA_SIGINFO
SIGHUP: [libjvm.so+0x8b1aa0], sa_mask[0]=11111111011111111101111111111110, sa_flags=SA_RESTART|SA_SIGINFO
SIGINT: [libjvm.so+0x8b1aa0], sa_mask[0]=11111111011111111101111111111110, sa_flags=SA_RESTART|SA_SIGINFO
SIGTERM: [libjvm.so+0x8b1aa0], sa_mask[0]=11111111011111111101111111111110, sa_flags=SA_RESTART|SA_SIGINFO
SIGQUIT: [libjvm.so+0x8b1aa0], sa_mask[0]=11111111011111111101111111111110, sa_flags=SA_RESTART|SA_SIGINFO


---------------  S Y S T E M  ---------------

OS:DISTRIB_ID=LinuxMint
DISTRIB_RELEASE=19
DISTRIB_CODENAME=tara
DISTRIB_DESCRIPTION="Linux Mint 19 Tara"

uname:Linux 4.15.0-20-generic #21-Ubuntu SMP Tue Apr 24 06:16:15 UTC 2018 x86_64
libc:glibc 2.27 NPTL 2.27 
rlimit: STACK 8192k, CORE 0k, NPROC 31001, NOFILE 1048576, AS infinity
load average:5.13 2.48 1.56

/proc/meminfo:
MemTotal:        8095216 kB
MemFree:          133140 kB
MemAvailable:      45672 kB
Buffers:            1212 kB
Cached:           389760 kB
SwapCached:            0 kB
Active:          7333916 kB
Inactive:         363644 kB
Active(anon):    7309152 kB
Inactive(anon):   342060 kB
Active(file):      24764 kB
Inactive(file):    21584 kB
Unevictable:        1048 kB
Mlocked:            1048 kB
SwapTotal:             0 kB
SwapFree:              0 kB
Dirty:               488 kB
Writeback:             0 kB
AnonPages:       7308588 kB
Mapped:           110892 kB
Shmem:            343864 kB
Slab:             139560 kB
SReclaimable:      58528 kB
SUnreclaim:        81032 kB
KernelStack:       10768 kB
PageTables:        54188 kB
NFS_Unstable:          0 kB
Bounce:                0 kB
WritebackTmp:          0 kB
CommitLimit:     4047608 kB
Committed_AS:   11777520 kB
VmallocTotal:   34359738367 kB
VmallocUsed:           0 kB
VmallocChunk:          0 kB
HardwareCorrupted:     0 kB
AnonHugePages:         0 kB
ShmemHugePages:        0 kB
ShmemPmdMapped:        0 kB
CmaTotal:              0 kB
CmaFree:               0 kB
HugePages_Total:       0
HugePages_Free:        0
HugePages_Rsvd:        0
HugePages_Surp:        0
Hugepagesize:       2048 kB
DirectMap4k:      287408 kB
DirectMap2M:     6979584 kB
DirectMap1G:     1048576 kB


CPU:total 4 (initial active 4) (2 cores per cpu, 2 threads per core) family 6 model 158 stepping 9, cmov, cx8, fxsr, mmx, sse, sse2, sse3, ssse3, sse4.1, sse4.2, popcnt, aes, clmul, erms, 3dnowpref, lzcnt, ht, tsc, tscinvbit

/proc/cpuinfo:
processor	: 0
vendor_id	: GenuineIntel
cpu family	: 6
model		: 158
model name	: Intel(R) Pentium(R) CPU G4600 @ 3.60GHz
stepping	: 9
microcode	: 0x5e
cpu MHz		: 3599.998
cache size	: 3072 KB
physical id	: 0
siblings	: 4
core id		: 0
cpu cores	: 2
apicid		: 0
initial apicid	: 0
fpu		: yes
fpu_exception	: yes
cpuid level	: 22
wp		: yes
flags		: fpu vme de pse tsc msr pae mce cx8 apic sep mtrr pge mca cmov pat pse36 clflush dts acpi mmx fxsr sse sse2 ss ht tm pbe syscall nx pdpe1gb rdtscp lm constant_tsc art arch_perfmon pebs bts rep_good nopl xtopology nonstop_tsc cpuid aperfmperf tsc_known_freq pni pclmulqdq dtes64 monitor ds_cpl vmx est tm2 ssse3 sdbg cx16 xtpr pdcm pcid sse4_1 sse4_2 x2apic movbe popcnt tsc_deadline_timer aes xsave rdrand lahf_lm abm 3dnowprefetch cpuid_fault invpcid_single pti tpr_shadow vnmi flexpriority ept vpid fsgsbase tsc_adjust smep erms invpcid mpx rdseed smap clflushopt intel_pt xsaveopt xsavec xgetbv1 xsaves dtherm arat pln pts hwp hwp_notify hwp_act_window hwp_epp
bugs		: cpu_meltdown spectre_v1 spectre_v2
bogomips	: 7200.00
clflush size	: 64
cache_alignment	: 64
address sizes	: 39 bits physical, 48 bits virtual
power management:

processor	: 1
vendor_id	: GenuineIntel
cpu family	: 6
model		: 158
model name	: Intel(R) Pentium(R) CPU G4600 @ 3.60GHz
stepping	: 9
microcode	: 0x5e
cpu MHz		: 3600.001
cache size	: 3072 KB
physical id	: 0
siblings	: 4
core id		: 1
cpu cores	: 2
apicid		: 2
initial apicid	: 2
fpu		: yes
fpu_exception	: yes
cpuid level	: 22
wp		: yes
flags		: fpu vme de pse tsc msr pae mce cx8 apic sep mtrr pge mca cmov pat pse36 clflush dts acpi mmx fxsr sse sse2 ss ht tm pbe syscall nx pdpe1gb rdtscp lm constant_tsc art arch_perfmon pebs bts rep_good nopl xtopology nonstop_tsc cpuid aperfmperf tsc_known_freq pni pclmulqdq dtes64 monitor ds_cpl vmx est tm2 ssse3 sdbg cx16 xtpr pdcm pcid sse4_1 sse4_2 x2apic movbe popcnt tsc_deadline_timer aes xsave rdrand lahf_lm abm 3dnowprefetch cpuid_fault invpcid_single pti tpr_shadow vnmi flexpriority ept vpid fsgsbase tsc_adjust smep erms invpcid mpx rdseed smap clflushopt intel_pt xsaveopt xsavec xgetbv1 xsaves dtherm arat pln pts hwp hwp_notify hwp_act_window hwp_epp
bugs		: cpu_meltdown spectre_v1 spectre_v2
bogomips	: 7200.00
clflush size	: 64
cache_alignment	: 64
address sizes	: 39 bits physical, 48 bits virtual
power management:

processor	: 2
vendor_id	: GenuineIntel
cpu family	: 6
model		: 158
model name	: Intel(R) Pentium(R) CPU G4600 @ 3.60GHz
stepping	: 9
microcode	: 0x5e
cpu MHz		: 3600.000
cache size	: 3072 KB
physical id	: 0
siblings	: 4
core id		: 0
cpu cores	: 2
apicid		: 1
initial apicid	: 1
fpu		: yes
fpu_exception	: yes
cpuid level	: 22
wp		: yes
flags		: fpu vme de pse tsc msr pae mce cx8 apic sep mtrr pge mca cmov pat pse36 clflush dts acpi mmx fxsr sse sse2 ss ht tm pbe syscall nx pdpe1gb rdtscp lm constant_tsc art arch_perfmon pebs bts rep_good nopl xtopology nonstop_tsc cpuid aperfmperf tsc_known_freq pni pclmulqdq dtes64 monitor ds_cpl vmx est tm2 ssse3 sdbg cx16 xtpr pdcm pcid sse4_1 sse4_2 x2apic movbe popcnt tsc_deadline_timer aes xsave rdrand lahf_lm abm 3dnowprefetch cpuid_fault invpcid_single pti tpr_shadow vnmi flexpriority ept vpid fsgsbase tsc_adjust smep erms invpcid mpx rdseed smap clflushopt intel_pt xsaveopt xsavec xgetbv1 xsaves dtherm arat pln pts hwp hwp_notify hwp_act_window hwp_epp
bugs		: cpu_meltdown spectre_v1 spectre_v2
bogomips	: 7200.00
clflush size	: 64
cache_alignment	: 64
address sizes	: 39 bits physical, 48 bits virtual
power management:

processor	: 3
vendor_id	: GenuineIntel
cpu family	: 6
model		: 158
model name	: Intel(R) Pentium(R) CPU G4600 @ 3.60GHz
stepping	: 9
microcode	: 0x5e
cpu MHz		: 3599.999
cache size	: 3072 KB
physical id	: 0
siblings	: 4
core id		: 1
cpu cores	: 2
apicid		: 3
initial apicid	: 3
fpu		: yes
fpu_exception	: yes
cpuid level	: 22
wp		: yes
flags		: fpu vme de pse tsc msr pae mce cx8 apic sep mtrr pge mca cmov pat pse36 clflush dts acpi mmx fxsr sse sse2 ss ht tm pbe syscall nx pdpe1gb rdtscp lm constant_tsc art arch_perfmon pebs bts rep_good nopl xtopology nonstop_tsc cpuid aperfmperf tsc_known_freq pni pclmulqdq dtes64 monitor ds_cpl vmx est tm2 ssse3 sdbg cx16 xtpr pdcm pcid sse4_1 sse4_2 x2apic movbe popcnt tsc_deadline_timer aes xsave rdrand lahf_lm abm 3dnowprefetch cpuid_fault invpcid_single pti tpr_shadow vnmi flexpriority ept vpid fsgsbase tsc_adjust smep erms invpcid mpx rdseed smap clflushopt intel_pt xsaveopt xsavec xgetbv1 xsaves dtherm arat pln pts hwp hwp_notify hwp_act_window hwp_epp
bugs		: cpu_meltdown spectre_v1 spectre_v2
bogomips	: 7200.00
clflush size	: 64
cache_alignment	: 64
address sizes	: 39 bits physical, 48 bits virtual
power management:



Memory: 4k page, physical 8095216k(138180k free), swap 0k(0k free)

vm_info: OpenJDK 64-Bit Server VM (25.152-b01) for linux-amd64 JRE (1.8.0_152-release-1248-b01), built by "builder" with gcc 7.3.0

time: Wed Jul 10 16:07:43 2019
elapsed time: 10 seconds (0d 0h 0m 10s)

